#
# A fatal error has been detected by the Java Runtime Environment:
#
#  EXCEPTION_ACCESS_VIOLATION (0xc0000005) at pc=0x000000006490f273, pid=876, tid=0x00000000000024e0
#
# JRE version: Java(TM) SE Runtime Environment (8.0_144-b01) (build 1.8.0_144-b01)
# Java VM: Java HotSpot(TM) 64-Bit Server VM (25.144-b01 mixed mode windows-amd64 compressed oops)
# Problematic frame:
# V  [jvm.dll+0x13f273]
#
# Failed to write core dump. Minidumps are not enabled by default on client versions of Windows
#
# If you would like to submit a bug report, please visit:
#   http://bugreport.java.com/bugreport/crash.jsp
#

---------------  T H R E A D  ---------------

Current thread (0x000000001b316800):  JavaThread "AWT-EventQueue-0" [_thread_in_vm, id=9440, stack(0x000000001c230000,0x000000001c330000)]

siginfo: ExceptionCode=0xc0000005, reading address 0x00000003250a22e8

Registers:
RAX=0x0000000000000000, RBX=0x000000001b316800, RCX=0x0000000000000003, RDX=0x00000003250a2280
RSP=0x000000001c32d320, RBP=0x000000001c32d470, RSI=0x000000001b3169f8, RDI=0x000000001b316800
R8 =0xffff8004011623b0, R9 =0x00007ffbfee9dc7f, R10=0x000000000000002f, R11=0x000000000000002f
R12=0x0000000000000000, R13=0x0000000000000000, R14=0x000000001c32d6b8, R15=0x000000001c32d688
RIP=0x000000006490f273, EFLAGS=0x0000000000010202

Top of Stack: (sp=0x000000001c32d320)
0x000000001c32d320:   00007ffbfee9dc50 000000001b316800
0x000000001c32d330:   000000001c32d470 0000000000000000
0x000000001c32d340:   000000001b316800 0000000000000000
0x000000001c32d350:   0000000000000000 0000000000000000
0x000000001c32d360:   000000001b2788b0 00007ffbfee768f4
0x000000001c32d370:   000000001b3169f8 000000001c32d470
0x000000001c32d380:   000000001b316800 00000000031116a0
0x000000001c32d390:   0000000000000000 0000000003111797
0x000000001c32d3a0:   0000000003111aa0 0000000000000000
0x000000001c32d3b0:   0000000000000000 0000000000000000
0x000000001c32d3c0:   00000000031116a0 0000000019010000
0x000000001c32d3d0:   0000000000000000 0000000000000000
0x000000001c32d3e0:   0000000000000000 0000000000000000
0x000000001c32d3f0:   0000000000000000 0000000000000000
0x000000001c32d400:   0000000000000000 000000001c32d6c0
0x000000001c32d410:   000000001c32d6a0 000000001c32d688 

Instructions: (pc=0x000000006490f273)
0x000000006490f253:   00 00 48 8b 17 74 15 8b 52 08 8b 0d 45 25 66 00
0x000000006490f263:   48 d3 e2 48 03 15 33 25 66 00 eb 04 48 8b 52 08
0x000000006490f273:   48 8b 52 68 48 8b ce e8 51 78 0d 00 48 83 7c 24
0x000000006490f283:   28 00 48 8b f0 74 0a 48 8d 4c 24 20 e8 5c cb 13 


Register to memory mapping:

RAX=0x0000000000000000 is an unknown value
RBX=0x000000001b316800 is a thread
RCX=0x0000000000000003 is an unknown value
RDX=0x00000003250a2280 is an unknown value
RSP=0x000000001c32d320 is pointing into the stack for thread: 0x000000001b316800
RBP=0x000000001c32d470 is pointing into the stack for thread: 0x000000001b316800
RSI=0x000000001b3169f8 is an unknown value
RDI=0x000000001b316800 is a thread
R8 =0xffff8004011623b0 is an unknown value
R9 =0x00007ffbfee9dc7f is an unknown value
R10=0x000000000000002f is an unknown value
R11=0x000000000000002f is an unknown value
R12=0x0000000000000000 is an unknown value
R13=0x0000000000000000 is an unknown value
R14=0x000000001c32d6b8 is pointing into the stack for thread: 0x000000001b316800
R15=0x000000001c32d688 is pointing into the stack for thread: 0x000000001b316800


Stack: [0x000000001c230000,0x000000001c330000],  sp=0x000000001c32d320,  free space=1012k
Native frames: (J=compiled Java code, j=interpreted, Vv=VM code, C=native code)
V  [jvm.dll+0x13f273]
C  [sqljdbc_auth.dll+0x68f4]
C  0x00000000030c7f74

Java frames: (J=compiled Java code, j=interpreted, Vv=VM code)
j  com.microsoft.sqlserver.jdbc.AuthenticationJNI.SNISecGenClientContext([B[I[BI[B[I[ZLjava/lang/String;Ljava/lang/String;Ljava/lang/String;Ljava/util/logging/Logger;)I+0
j  com.microsoft.sqlserver.jdbc.AuthenticationJNI.GenerateClientContext([BI[B[I[Z)I+24
j  com.microsoft.sqlserver.jdbc.SQLServerConnection.SSPIData([B[B[I[ZLcom/microsoft/sqlserver/jdbc/AuthenticationJNI;)V+13
j  com.microsoft.sqlserver.jdbc.SQLServerConnection.sendLogon(Lcom/microsoft/sqlserver/jdbc/SQLServerConnection$LogonCommand;Lcom/microsoft/sqlserver/jdbc/AuthenticationJNI;)V+155
j  com.microsoft.sqlserver.jdbc.SQLServerConnection.logon(Lcom/microsoft/sqlserver/jdbc/SQLServerConnection$LogonCommand;)V+20
j  com.microsoft.sqlserver.jdbc.SQLServerConnection.access$000(Lcom/microsoft/sqlserver/jdbc/SQLServerConnection;Lcom/microsoft/sqlserver/jdbc/SQLServerConnection$LogonCommand;)V+2
j  com.microsoft.sqlserver.jdbc.SQLServerConnection$LogonCommand.doExecute()Z+5
j  com.microsoft.sqlserver.jdbc.TDSCommand.execute(Lcom/microsoft/sqlserver/jdbc/TDSWriter;Lcom/microsoft/sqlserver/jdbc/TDSReader;)Z+30
j  com.microsoft.sqlserver.jdbc.SQLServerConnection.executeCommand(Lcom/microsoft/sqlserver/jdbc/TDSCommand;)Z+45
j  com.microsoft.sqlserver.jdbc.SQLServerConnection.connectHelper(Lcom/microsoft/sqlserver/jdbc/ServerPortPlaceHolder;II)V+284
j  com.microsoft.sqlserver.jdbc.SQLServerConnection.login(Ljava/lang/String;Ljava/lang/String;ILjava/lang/String;Lcom/microsoft/sqlserver/jdbc/FailoverInfo;IJ)V+399
j  com.microsoft.sqlserver.jdbc.SQLServerConnection.connect(Ljava/util/Properties;Lcom/microsoft/sqlserver/jdbc/SQLServerPooledConnection;)Ljava/sql/Connection;+1929
j  com.microsoft.sqlserver.jdbc.SQLServerDriver.connect(Ljava/lang/String;Ljava/util/Properties;)Ljava/sql/Connection;+45
j  java.sql.DriverManager.getConnection(Ljava/lang/String;Ljava/util/Properties;Ljava/lang/Class;)Ljava/sql/Connection;+171
j  java.sql.DriverManager.getConnection(Ljava/lang/String;)Ljava/sql/Connection;+13
j  Generales.conecta.conexion()Ljava/sql/Connection;+17
j  Generales.Metodos.LlenarCombo(Ljavax/swing/JComboBox;Ljava/lang/String;Ljava/lang/String;Ljava/lang/String;)V+20
j  Formularios.Pedidos.<init>()V+70
j  Formularios.Pedidos$15.run()V+4
j  java.awt.event.InvocationEvent.dispatch()V+47
j  java.awt.EventQueue.dispatchEventImpl(Ljava/awt/AWTEvent;Ljava/lang/Object;)V+21
j  java.awt.EventQueue.access$500(Ljava/awt/EventQueue;Ljava/awt/AWTEvent;Ljava/lang/Object;)V+3
j  java.awt.EventQueue$3.run()Ljava/lang/Void;+32
j  java.awt.EventQueue$3.run()Ljava/lang/Object;+1
v  ~StubRoutines::call_stub
j  java.security.AccessController.doPrivileged(Ljava/security/PrivilegedAction;Ljava/security/AccessControlContext;)Ljava/lang/Object;+0
j  java.security.ProtectionDomain$JavaSecurityAccessImpl.doIntersectionPrivilege(Ljava/security/PrivilegedAction;Ljava/security/AccessControlContext;Ljava/security/AccessControlContext;)Ljava/lang/Object;+18
j  java.awt.EventQueue.dispatchEvent(Ljava/awt/AWTEvent;)V+46
j  java.awt.EventDispatchThread.pumpOneEventForFilters(I)V+245
j  java.awt.EventDispatchThread.pumpEventsForFilter(ILjava/awt/Conditional;Ljava/awt/EventFilter;)V+35
j  java.awt.EventDispatchThread.pumpEventsForHierarchy(ILjava/awt/Conditional;Ljava/awt/Component;)V+11
j  java.awt.EventDispatchThread.pumpEvents(ILjava/awt/Conditional;)V+4
j  java.awt.EventDispatchThread.pumpEvents(Ljava/awt/Conditional;)V+3
j  java.awt.EventDispatchThread.run()V+9
v  ~StubRoutines::call_stub

---------------  P R O C E S S  ---------------

Java Threads: ( => current thread )
  0x000000001b503000 JavaThread "Image Fetcher 0" daemon [_thread_blocked, id=10128, stack(0x000000001c830000,0x000000001c930000)]
  0x0000000002fae000 JavaThread "DestroyJavaVM" [_thread_blocked, id=3044, stack(0x0000000002e50000,0x0000000002f50000)]
=>0x000000001b316800 JavaThread "AWT-EventQueue-0" [_thread_in_vm, id=9440, stack(0x000000001c230000,0x000000001c330000)]
  0x000000001b26c000 JavaThread "AWT-Windows" daemon [_thread_in_native, id=3060, stack(0x000000001bbd0000,0x000000001bcd0000)]
  0x000000001b268000 JavaThread "AWT-Shutdown" [_thread_blocked, id=3904, stack(0x000000001bad0000,0x000000001bbd0000)]
  0x000000001b2c0000 JavaThread "Java2D Disposer" daemon [_thread_blocked, id=760, stack(0x000000001b9d0000,0x000000001bad0000)]
  0x000000001915e800 JavaThread "Service Thread" daemon [_thread_blocked, id=2936, stack(0x000000001ae80000,0x000000001af80000)]
  0x0000000019108800 JavaThread "C1 CompilerThread2" daemon [_thread_blocked, id=9000, stack(0x000000001a980000,0x000000001aa80000)]
  0x0000000019102000 JavaThread "C2 CompilerThread1" daemon [_thread_blocked, id=3304, stack(0x000000001a880000,0x000000001a980000)]
  0x00000000190ff000 JavaThread "C2 CompilerThread0" daemon [_thread_blocked, id=1704, stack(0x000000001a780000,0x000000001a880000)]
  0x00000000190fd800 JavaThread "Attach Listener" daemon [_thread_blocked, id=10056, stack(0x000000001a680000,0x000000001a780000)]
  0x00000000190fc800 JavaThread "Signal Dispatcher" daemon [_thread_blocked, id=9684, stack(0x000000001a580000,0x000000001a680000)]
  0x00000000030ab000 JavaThread "Finalizer" daemon [_thread_blocked, id=4000, stack(0x000000001a370000,0x000000001a470000)]
  0x00000000030a2000 JavaThread "Reference Handler" daemon [_thread_blocked, id=8988, stack(0x000000001a270000,0x000000001a370000)]

Other Threads:
  0x00000000190c7000 VMThread [stack: 0x000000001a170000,0x000000001a270000] [id=3204]
  0x000000001aad0800 WatcherThread [stack: 0x000000001af80000,0x000000001b080000] [id=7484]

VM state:not at safepoint (normal execution)

VM Mutex/Monitor currently owned by a thread: None

Heap:
 PSYoungGen      total 49152K, used 38367K [0x0000000789d80000, 0x000000078d400000, 0x00000007c0000000)
  eden space 42496K, 90% used [0x0000000789d80000,0x000000078c2f7d78,0x000000078c700000)
  from space 6656K, 0% used [0x000000078cd80000,0x000000078cd80000,0x000000078d400000)
  to   space 6656K, 0% used [0x000000078c700000,0x000000078c700000,0x000000078cd80000)
 ParOldGen       total 112128K, used 0K [0x000000071d800000, 0x0000000724580000, 0x0000000789d80000)
  object space 112128K, 0% used [0x000000071d800000,0x000000071d800000,0x0000000724580000)
 Metaspace       used 17413K, capacity 17666K, committed 17920K, reserved 1064960K
  class space    used 2178K, capacity 2273K, committed 2304K, reserved 1048576K

Card table byte_map: [0x0000000012470000,0x0000000012990000] byte_map_base: 0x000000000eb84000

Marking Bits: (ParMarkBitMap*) 0x0000000064fed850
 Begin Bits: [0x0000000013100000, 0x00000000159a0000)
 End Bits:   [0x00000000159a0000, 0x0000000018240000)

Polling page: 0x0000000002e10000

CodeCache: size=245760Kb used=5124Kb max_used=5124Kb free=240635Kb
 bounds [0x00000000030b0000, 0x00000000035c0000, 0x00000000120b0000]
 total_blobs=2063 nmethods=1520 adapters=455
 compilation: enabled

Compilation events (10 events):
Event: 1.026 Thread 0x0000000019108800 1518       3       com.sun.crypto.provider.AESCrypt::mul4 (181 bytes)
Event: 1.027 Thread 0x0000000019108800 nmethod 1518 0x00000000035a9a50 code [0x00000000035a9c60, 0x00000000035aa6d0]
Event: 1.029 Thread 0x0000000019108800 1519       3       java.lang.String::concat (47 bytes)
Event: 1.029 Thread 0x0000000019108800 nmethod 1519 0x00000000035b32d0 code [0x00000000035b34a0, 0x00000000035b3c58]
Event: 1.029 Thread 0x0000000019108800 1520       3       java.lang.String::getChars (16 bytes)
Event: 1.029 Thread 0x0000000019108800 nmethod 1520 0x00000000035a8c90 code [0x00000000035a8e00, 0x00000000035a9008]
Event: 1.030 Thread 0x0000000019108800 1522       3       java.lang.ClassLoader::checkPackageAccess (122 bytes)
Event: 1.031 Thread 0x0000000019108800 nmethod 1522 0x00000000035b3fd0 code [0x00000000035b4200, 0x00000000035b4de8]
Event: 1.033 Thread 0x0000000019108800 1523       1       java.util.logging.Level::intValue (5 bytes)
Event: 1.033 Thread 0x0000000019108800 nmethod 1523 0x00000000035b3010 code [0x00000000035b3160, 0x00000000035b3270]

GC Heap History (0 events):
No events

Deoptimization events (10 events):
Event: 0.403 Thread 0x000000001b316800 Uncommon trap: reason=class_check action=maybe_recompile pc=0x0000000003228458 method=java.lang.String.equals(Ljava/lang/Object;)Z @ 8
Event: 0.500 Thread 0x000000001b316800 Uncommon trap: reason=unstable_if action=reinterpret pc=0x000000000334f3ac method=java.lang.CharacterData.of(I)Ljava/lang/CharacterData; @ 4
Event: 0.515 Thread 0x000000001b316800 Uncommon trap: reason=unstable_if action=reinterpret pc=0x00000000033d65fc method=java.lang.Character.isSurrogate(C)Z @ 3
Event: 0.575 Thread 0x000000001b316800 Uncommon trap: reason=unstable_if action=reinterpret pc=0x00000000032b815c method=java.lang.String.indexOf([CII[CIII)I @ 3
Event: 0.583 Thread 0x000000001b316800 Uncommon trap: reason=unstable_if action=reinterpret pc=0x00000000033f57e8 method=java.util.HashMap.putVal(ILjava/lang/Object;Ljava/lang/Object;ZZ)Ljava/lang/Object; @ 236
Event: 0.689 Thread 0x000000001b316800 Uncommon trap: reason=class_check action=maybe_recompile pc=0x00000000033f1ddc method=java.util.HashMap.putVal(ILjava/lang/Object;Ljava/lang/Object;ZZ)Ljava/lang/Object; @ 253
Event: 0.689 Thread 0x000000001b316800 Uncommon trap: reason=class_check action=maybe_recompile pc=0x00000000033f1ddc method=java.util.HashMap.putVal(ILjava/lang/Object;Ljava/lang/Object;ZZ)Ljava/lang/Object; @ 253
Event: 0.689 Thread 0x000000001b316800 Uncommon trap: reason=class_check action=maybe_recompile pc=0x00000000033f1ddc method=java.util.HashMap.putVal(ILjava/lang/Object;Ljava/lang/Object;ZZ)Ljava/lang/Object; @ 253
Event: 0.689 Thread 0x000000001b316800 Uncommon trap: reason=class_check action=maybe_recompile pc=0x00000000033f1ddc method=java.util.HashMap.putVal(ILjava/lang/Object;Ljava/lang/Object;ZZ)Ljava/lang/Object; @ 253
Event: 0.691 Thread 0x000000001b316800 Uncommon trap: reason=unstable_if action=reinterpret pc=0x0000000003371488 method=java.io.WinNTFileSystem.normalize(Ljava/lang/String;)Ljava/lang/String; @ 128

Internal exceptions (10 events):
Event: 0.197 Thread 0x0000000002fae000 Exception <a 'java/lang/ClassNotFoundException': ToggleButton> (0x000000078a28c7c8) thrown at [C:\re\workspace\8-2-build-windows-amd64-cygwin\jdk8u144\9417\hotspot\src\share\vm\classfile\systemDictionary.cpp, line 210]
Event: 0.197 Thread 0x0000000002fae000 Exception <a 'java/lang/ClassNotFoundException': javax/swing/JToolBarSeparator> (0x000000078a28cc28) thrown at [C:\re\workspace\8-2-build-windows-amd64-cygwin\jdk8u144\9417\hotspot\src\share\vm\classfile\systemDictionary.cpp, line 210]
Event: 0.197 Thread 0x0000000002fae000 Exception <a 'java/lang/ClassNotFoundException': ToolBarSeparator> (0x000000078a28d0c0) thrown at [C:\re\workspace\8-2-build-windows-amd64-cygwin\jdk8u144\9417\hotspot\src\share\vm\classfile\systemDictionary.cpp, line 210]
Event: 0.197 Thread 0x0000000002fae000 Exception <a 'java/lang/ClassNotFoundException': ToolTip> (0x000000078a28d800) thrown at [C:\re\workspace\8-2-build-windows-amd64-cygwin\jdk8u144\9417\hotspot\src\share\vm\classfile\systemDictionary.cpp, line 210]
Event: 0.198 Thread 0x0000000002fae000 Exception <a 'java/lang/ClassNotFoundException': Tree> (0x000000078a28e420) thrown at [C:\re\workspace\8-2-build-windows-amd64-cygwin\jdk8u144\9417\hotspot\src\share\vm\classfile\systemDictionary.cpp, line 210]
Event: 0.198 Thread 0x0000000002fae000 Exception <a 'java/lang/ClassNotFoundException': Tree> (0x000000078a28eb60) thrown at [C:\re\workspace\8-2-build-windows-amd64-cygwin\jdk8u144\9417\hotspot\src\share\vm\classfile\systemDictionary.cpp, line 210]
Event: 0.198 Thread 0x0000000002fae000 Exception <a 'java/lang/ClassNotFoundException': javax/swing/JTreeCell> (0x000000078a28eee0) thrown at [C:\re\workspace\8-2-build-windows-amd64-cygwin\jdk8u144\9417\hotspot\src\share\vm\classfile\systemDictionary.cpp, line 210]
Event: 0.198 Thread 0x0000000002fae000 Exception <a 'java/lang/ClassNotFoundException': TreeCell> (0x000000078a28f368) thrown at [C:\re\workspace\8-2-build-windows-amd64-cygwin\jdk8u144\9417\hotspot\src\share\vm\classfile\systemDictionary.cpp, line 210]
Event: 0.198 Thread 0x0000000002fae000 Exception <a 'java/lang/ClassNotFoundException': RootPane> (0x000000078a28fdc8) thrown at [C:\re\workspace\8-2-build-windows-amd64-cygwin\jdk8u144\9417\hotspot\src\share\vm\classfile\systemDictionary.cpp, line 210]
Event: 0.308 Thread 0x000000001b316800 Implicit null exception at 0x00000000032deb5a to 0x00000000032dee6d

Events (10 events):
Event: 1.031 loading class com/sun/crypto/provider/HmacCore
Event: 1.031 loading class com/sun/crypto/provider/HmacCore done
Event: 1.031 loading class javax/crypto/MacSpi
Event: 1.031 loading class javax/crypto/MacSpi done
Event: 1.032 loading class sun/security/ssl/CipherBox$1
Event: 1.032 loading class sun/security/ssl/CipherBox$1 done
Event: 1.033 loading class com/microsoft/sqlserver/jdbc/AuthenticationJNI
Event: 1.033 loading class com/microsoft/sqlserver/jdbc/AuthenticationJNI done
Event: 1.034 loading class java/lang/ClassLoaderHelper
Event: 1.034 loading class java/lang/ClassLoaderHelper done


Dynamic libraries:
0x00007ff7110c0000 - 0x00007ff7110f7000 	C:\Program Files\Java\jdk1.8.0_144\bin\java.exe
0x00007ffc21e40000 - 0x00007ffc22012000 	C:\Windows\SYSTEM32\ntdll.dll
0x00007ffc1f580000 - 0x00007ffc1f62c000 	C:\Windows\System32\KERNEL32.DLL
0x00007ffc1ea90000 - 0x00007ffc1ecad000 	C:\Windows\System32\KERNELBASE.dll
0x00007ffc204c0000 - 0x00007ffc20562000 	C:\Windows\System32\ADVAPI32.dll
0x00007ffc1f8f0000 - 0x00007ffc1f98e000 	C:\Windows\System32\msvcrt.dll
0x00007ffc1f990000 - 0x00007ffc1f9e9000 	C:\Windows\System32\sechost.dll
0x00007ffc206e0000 - 0x00007ffc20801000 	C:\Windows\System32\RPCRT4.dll
0x00007ffc20570000 - 0x00007ffc206d5000 	C:\Windows\System32\USER32.dll
0x00007ffc1edc0000 - 0x00007ffc1edde000 	C:\Windows\System32\win32u.dll
0x00007ffc1f8b0000 - 0x00007ffc1f8e4000 	C:\Windows\System32\GDI32.dll
0x00007ffc1ee90000 - 0x00007ffc1f010000 	C:\Windows\System32\gdi32full.dll
0x00007ffc11560000 - 0x00007ffc117da000 	C:\Windows\WinSxS\amd64_microsoft.windows.common-controls_6595b64144ccf1df_6.0.14393.953_none_42151e83c686086b\COMCTL32.dll
0x00007ffc1f9f0000 - 0x00007ffc1fcb8000 	C:\Windows\System32\combase.dll
0x00007ffc1f010000 - 0x00007ffc1f105000 	C:\Windows\System32\ucrtbase.dll
0x00007ffc1e340000 - 0x00007ffc1e3aa000 	C:\Windows\System32\bcryptPrimitives.dll
0x00007ffc20810000 - 0x00007ffc2083e000 	C:\Windows\System32\IMM32.DLL
0x00000000646f0000 - 0x00000000647c2000 	C:\Program Files\Java\jdk1.8.0_144\jre\bin\msvcr100.dll
0x00000000647d0000 - 0x000000006506d000 	C:\Program Files\Java\jdk1.8.0_144\jre\bin\server\jvm.dll
0x00007ffc1f700000 - 0x00007ffc1f708000 	C:\Windows\System32\PSAPI.DLL
0x00007ffc1b7e0000 - 0x00007ffc1b7e9000 	C:\Windows\SYSTEM32\WSOCK32.dll
0x00007ffc21dd0000 - 0x00007ffc21e3a000 	C:\Windows\System32\WS2_32.dll
0x00007ffc1bf70000 - 0x00007ffc1bf93000 	C:\Windows\SYSTEM32\WINMM.dll
0x00007ffc19d50000 - 0x00007ffc19d5a000 	C:\Windows\SYSTEM32\VERSION.dll
0x00007ffc1bbe0000 - 0x00007ffc1bc0b000 	C:\Windows\SYSTEM32\WINMMBASE.dll
0x00007ffc1f380000 - 0x00007ffc1f3c2000 	C:\Windows\System32\cfgmgr32.dll
0x0000000065320000 - 0x000000006532f000 	C:\Program Files\Java\jdk1.8.0_144\jre\bin\verify.dll
0x00000000652f0000 - 0x0000000065319000 	C:\Program Files\Java\jdk1.8.0_144\jre\bin\java.dll
0x00000000646d0000 - 0x00000000646e6000 	C:\Program Files\Java\jdk1.8.0_144\jre\bin\zip.dll
0x00007ffc20840000 - 0x00007ffc21d48000 	C:\Windows\System32\SHELL32.dll
0x00007ffc1e3b0000 - 0x00007ffc1ea88000 	C:\Windows\System32\windows.storage.dll
0x00007ffc1e2f0000 - 0x00007ffc1e33c000 	C:\Windows\System32\powrprof.dll
0x00007ffc1fcc0000 - 0x00007ffc1fd12000 	C:\Windows\System32\shlwapi.dll
0x00007ffc1e2d0000 - 0x00007ffc1e2df000 	C:\Windows\System32\kernel.appcore.dll
0x00007ffc1ede0000 - 0x00007ffc1ee89000 	C:\Windows\System32\shcore.dll
0x00007ffc1e2b0000 - 0x00007ffc1e2c4000 	C:\Windows\System32\profapi.dll
0x00000000644f0000 - 0x0000000064688000 	C:\Program Files\Java\jdk1.8.0_144\jre\bin\awt.dll
0x00007ffc1f640000 - 0x00007ffc1f6ff000 	C:\Windows\System32\OLEAUT32.dll
0x00007ffc1f110000 - 0x00007ffc1f1ac000 	C:\Windows\System32\msvcp_win.dll
0x00007ffc1c2c0000 - 0x00007ffc1c33a000 	C:\Windows\SYSTEM32\apphelp.dll
0x00007ffc1cad0000 - 0x00007ffc1cb65000 	C:\Windows\system32\uxtheme.dll
0x00007ffc20150000 - 0x00007ffc202aa000 	C:\Windows\System32\MSCTF.dll
0x00007ffbf9bb0000 - 0x00007ffbf9bd0000 	C:\Program Files\ESET\ESET NOD32 Antivirus\eplgHooks.dll
0x00007ffc1b780000 - 0x00007ffc1b7a6000 	C:\Windows\system32\dwmapi.dll
0x00007ffc1f430000 - 0x00007ffc1f568000 	C:\Windows\System32\ole32.dll
0x00000000644a0000 - 0x00000000644e7000 	C:\Program Files\Java\jdk1.8.0_144\jre\bin\fontmanager.dll
0x00007ffbf6640000 - 0x00007ffbf6763000 	C:\Windows\system32\opengl32.dll
0x00007ffbf6540000 - 0x00007ffbf6637000 	C:\Windows\SYSTEM32\DDRAW.dll
0x00007ffc12c00000 - 0x00007ffc12c2d000 	C:\Windows\SYSTEM32\GLU32.dll
0x00007ffc13220000 - 0x00007ffc13228000 	C:\Windows\SYSTEM32\DCIMAN32.dll
0x0000000064410000 - 0x0000000064441000 	C:\Program Files\Java\jdk1.8.0_144\jre\bin\jpeg.dll
0x00007ffc20320000 - 0x00007ffc203bf000 	C:\Windows\System32\clbcatq.dll
0x00007ffc1a9b0000 - 0x00007ffc1ab58000 	C:\Windows\SYSTEM32\WindowsCodecs.dll
0x00007ffbfaca0000 - 0x00007ffbface9000 	C:\Windows\system32\dataexchange.dll
0x00007ffc1b100000 - 0x00007ffc1b3b6000 	C:\Windows\system32\d3d11.dll
0x00007ffc1bc10000 - 0x00007ffc1bd61000 	C:\Windows\system32\dcomp.dll
0x00007ffc1d350000 - 0x00007ffc1d3ef000 	C:\Windows\system32\dxgi.dll
0x00007ffc1cd10000 - 0x00007ffc1ce2c000 	C:\Windows\system32\twinapi.appcore.dll
0x00007ffc1e1f0000 - 0x00007ffc1e21b000 	C:\Windows\system32\bcrypt.dll
0x00000000646b0000 - 0x00000000646ca000 	C:\Program Files\Java\jdk1.8.0_144\jre\bin\net.dll
0x00007ffc1db80000 - 0x00007ffc1dbdc000 	C:\Windows\system32\mswsock.dll
0x0000000064690000 - 0x00000000646a1000 	C:\Program Files\Java\jdk1.8.0_144\jre\bin\nio.dll
0x0000000064450000 - 0x0000000064492000 	C:\Program Files\Java\jdk1.8.0_144\jre\bin\t2k.dll
0x00007ffc1d940000 - 0x00007ffc1d9e1000 	C:\Windows\SYSTEM32\DNSAPI.dll
0x00007ffc1f630000 - 0x00007ffc1f638000 	C:\Windows\System32\NSI.dll
0x00007ffc1d900000 - 0x00007ffc1d938000 	C:\Windows\SYSTEM32\IPHLPAPI.DLL
0x00007ffc0d0a0000 - 0x00007ffc0d0aa000 	C:\Windows\System32\rasadhlp.dll
0x00007ffc11400000 - 0x00007ffc1146a000 	C:\Windows\System32\fwpuclnt.dll
0x0000000064340000 - 0x0000000064364000 	C:\Program Files\Java\jdk1.8.0_144\jre\bin\sunec.dll
0x00007ffc12260000 - 0x00007ffc12276000 	C:\Windows\SYSTEM32\dhcpcsvc6.DLL
0x00007ffc121a0000 - 0x00007ffc121ba000 	C:\Windows\SYSTEM32\dhcpcsvc.DLL
0x00007ffc1dd30000 - 0x00007ffc1dd47000 	C:\Windows\SYSTEM32\CRYPTSP.dll
0x00007ffc1d780000 - 0x00007ffc1d7b3000 	C:\Windows\system32\rsaenh.dll
0x00007ffc1da00000 - 0x00007ffc1da1f000 	C:\Windows\SYSTEM32\USERENV.dll
0x00007ffc1dd20000 - 0x00007ffc1dd2b000 	C:\Windows\SYSTEM32\CRYPTBASE.dll
0x0000000064330000 - 0x000000006433b000 	C:\Program Files\Java\jdk1.8.0_144\jre\bin\sunmscapi.dll
0x00007ffc1f1b0000 - 0x00007ffc1f379000 	C:\Windows\System32\CRYPT32.dll
0x00007ffc1e2e0000 - 0x00007ffc1e2f0000 	C:\Windows\System32\MSASN1.dll
0x00007ffbfee70000 - 0x00007ffbfeebe000 	C:\Windows\sqljdbc_auth.dll
0x00007ffc1c340000 - 0x00007ffc1c34c000 	C:\Windows\system32\secur32.dll
0x00007ffc1df20000 - 0x00007ffc1df4c000 	C:\Windows\SYSTEM32\SSPICLI.DLL
0x00007ffc1dc30000 - 0x00007ffc1dd20000 	C:\Windows\system32\kerberos.DLL
0x00007ffc1db10000 - 0x00007ffc1db77000 	C:\Windows\system32\msv1_0.DLL
0x00007ffc1db00000 - 0x00007ffc1db0c000 	C:\Windows\SYSTEM32\NtlmShared.dll
0x00007ffc1dbe0000 - 0x00007ffc1dbf5000 	C:\Windows\SYSTEM32\cryptdll.dll
0x00007ffc08380000 - 0x00007ffc083a9000 	C:\Windows\system32\ntdsapi.dll
0x00007ffc08f60000 - 0x00007ffc08f76000 	C:\Windows\system32\napinsp.dll
0x00007ffc08f80000 - 0x00007ffc08f9a000 	C:\Windows\system32\pnrpnsp.dll
0x00007ffc14ff0000 - 0x00007ffc15008000 	C:\Windows\system32\NLAapi.dll
0x00007ffc09010000 - 0x00007ffc0901e000 	C:\Windows\System32\winrnr.dll
0x00007ffc09020000 - 0x00007ffc09035000 	C:\Windows\System32\wshbth.dll
0x00007ffc1ae10000 - 0x00007ffc1afa2000 	C:\Windows\SYSTEM32\dbghelp.dll

VM Arguments:
jvm_args: -Dfile.encoding=UTF-8 
java_command: Formularios.Pedidos
java_class_path (initial): C:\Program Files\NetBeans 8.2\java\modules\ext\AbsoluteLayout.jar;C:\Users\hp\Desktop\Protecto ventas 14002\aplicacion\JavaApplication1\lib\sqljdbc4.jar;C:\Users\hp\Desktop\Protecto ventas 14002\aplicacion\JavaApplication1\lib\jasperreports-6.4.0.jar;C:\Users\hp\Desktop\Protecto ventas 14002\aplicacion\JavaApplication1\lib\com.lowagie.text-2.1.7.jar;C:\Users\hp\Desktop\Protecto ventas 14002\aplicacion\JavaApplication1\lib\commons-beanutils-1.8.0.jar;C:\Users\hp\Desktop\Protecto ventas 14002\aplicacion\JavaApplication1\lib\commons-collections-3.2.1.jar;C:\Users\hp\Desktop\Protecto ventas 14002\aplicacion\JavaApplication1\lib\commons-digester-1.7.jar;C:\Users\hp\Desktop\Protecto ventas 14002\aplicacion\JavaApplication1\lib\commons-javaflow-20060411.jar;C:\Users\hp\Desktop\Protecto ventas 14002\aplicacion\JavaApplication1\lib\commons-logging-1.1.jar;C:\Users\hp\Desktop\Protecto ventas 14002\aplicacion\JavaApplication1\lib\groovy-all-1.5.5.jar;C:\Users\hp\Desktop\Protecto ventas 14002\aplicacion\JavaApplication1\lib\iText-2.1.0.jar;C:\Users\hp\Desktop\Protecto ventas 14002\aplicacion\JavaApplication1\lib\jcalendar-1.4.jar;C:\Users\hp\Desktop\Protecto ventas 14002\aplicacion\JavaApplication1\lib\filechooser-1.3.1.jar;C:\Users\hp\Downloads\sqljdbc_6.0.8112.100_enu\sqljdbc_6.0\enu\jre8\sqljdbc42.jar;C:\Users\hp\Desktop\Protecto ventas 14002\aplicacion\JavaApplication1\build\classes
Launcher Type: SUN_STANDARD

Environment Variables:
PATH=C:\ProgramData\Oracle\Java\javapath;C:\Windows\system32;C:\Windows;C:\Windows\System32\Wbem;C:\Windows\System32\WindowsPowerShell\v1.0\;C:\Program Files (x86)\NVIDIA Corporation\PhysX\Common;C:\Program Files\PuTTY\;C:\Program Files\dotnet\;C:\Program Files\Git\cmd;C:\Program Files\Microsoft SQL Server\130\Tools\Binn\;C:\Program Files\nodejs\;C:\Program Files (x86)\Microsoft SQL Server\Client SDK\ODBC\130\Tools\Binn\;C:\Program Files (x86)\Microsoft SQL Server\140\Tools\Binn\;C:\Program Files (x86)\Microsoft SQL Server\140\DTS\Binn\;C:\Program Files (x86)\Microsoft SQL Server\140\Tools\Binn\ManagementStudio\;C:\Program Files\Microsoft SQL Server\Client SDK\ODBC\130\Tools\Binn\;C:\Program Files\Microsoft SQL Server\140\Tools\Binn\;C:\Program Files\Microsoft SQL Server\140\DTS\Binn\;c:\Program Files (x86)\Microsoft SQL Server\110\Tools\Binn\;c:\Program Files\Microsoft SQL Server\110\Tools\Binn\;c:\Program Files\Microsoft SQL Server\110\DTS\Binn\;c:\Program Files (x86)\Microsoft SQL Server\110\Tools\Binn\ManagementStudio\;c:\Program Files (x86)\Microsoft SQL Server\110\DTS\Binn\;C:\Ruby24-x64\bin;C:\Users\hp\AppData\Local\Microsoft\WindowsApps;C:\Users\hp\AppData\Roaming\npm
USERNAME=hp
OS=Windows_NT
PROCESSOR_IDENTIFIER=Intel64 Family 6 Model 142 Stepping 9, GenuineIntel



---------------  S Y S T E M  ---------------

OS: Windows 10.0 , 64 bit Build 14393 (10.0.14393.1198)

CPU:total 4 (initial active 4) (2 cores per cpu, 2 threads per core) family 6 model 142 stepping 9, cmov, cx8, fxsr, mmx, sse, sse2, sse3, ssse3, sse4.1, sse4.2, popcnt, avx, avx2, aes, clmul, erms, 3dnowpref, lzcnt, ht, tsc, tscinvbit, bmi1, bmi2, adx

Memory: 4k page, physical 10646672k(3835212k free), swap 10646672k(2009084k free)

vm_info: Java HotSpot(TM) 64-Bit Server VM (25.144-b01) for windows-amd64 JRE (1.8.0_144-b01), built on Jul 21 2017 21:57:33 by "java_re" with MS VC++ 10.0 (VS2010)

time: Thu Jan 18 23:04:42 2018
elapsed time: 1 seconds (0d 0h 0m 1s)

