#
# A fatal error has been detected by the Java Runtime Environment:
#
#  EXCEPTION_ACCESS_VIOLATION (0xc0000005) at pc=0x000000006490f273, pid=6508, tid=0x0000000000001520
#
# JRE version: Java(TM) SE Runtime Environment (8.0_144-b01) (build 1.8.0_144-b01)
# Java VM: Java HotSpot(TM) 64-Bit Server VM (25.144-b01 mixed mode windows-amd64 compressed oops)
# Problematic frame:
# V  [jvm.dll+0x13f273]
#
# Failed to write core dump. Minidumps are not enabled by default on client versions of Windows
#
# If you would like to submit a bug report, please visit:
#   http://bugreport.java.com/bugreport/crash.jsp
#

---------------  T H R E A D  ---------------

Current thread (0x000000001abfa800):  JavaThread "AWT-EventQueue-0" [_thread_in_vm, id=5408, stack(0x000000001bb30000,0x000000001bc30000)]

siginfo: ExceptionCode=0xc0000005, reading address 0x00000003250a22e8

Registers:
RAX=0x0000000000000000, RBX=0x000000001abfa800, RCX=0x0000000000000003, RDX=0x00000003250a2280
RSP=0x000000001bc2c160, RBP=0x000000001bc2c2b0, RSI=0x000000001abfa9f8, RDI=0x000000001abfa800
R8 =0xffff8004011623b0, R9 =0x00007ffbfee9dc7f, R10=0x000000000000002f, R11=0x000000000000002f
R12=0x0000000000000000, R13=0x0000000000000000, R14=0x000000001bc2c4f0, R15=0x000000001bc2c4c0
RIP=0x000000006490f273, EFLAGS=0x0000000000010202

Top of Stack: (sp=0x000000001bc2c160)
0x000000001bc2c160:   00007ffbfee9dc50 000000001abfa800
0x000000001bc2c170:   000000001bc2c2b0 0000000000000000
0x000000001bc2c180:   000000001abfa800 0000000000000000
0x000000001bc2c190:   0000000000000000 0000000000000000
0x000000001bc2c1a0:   000000001abfc2d0 00007ffbfee768f4
0x000000001bc2c1b0:   000000001abfa9f8 000000001bc2c2b0
0x000000001bc2c1c0:   000000001abfa800 0000000002a016a0
0x000000001bc2c1d0:   0000000000000000 0000000002a01797
0x000000001bc2c1e0:   0000000002a01aa0 0000000000000000
0x000000001bc2c1f0:   0000000000000000 0000000000000000
0x000000001bc2c200:   0000000002a016a0 0000000018010000
0x000000001bc2c210:   0000000000000000 0000000000000000
0x000000001bc2c220:   0000000000000000 0000000000000000
0x000000001bc2c230:   0000000000000000 0000000000000000
0x000000001bc2c240:   0000000000000000 000000001bc2c4f8
0x000000001bc2c250:   000000001bc2c4d8 000000001bc2c4c0 

Instructions: (pc=0x000000006490f273)
0x000000006490f253:   00 00 48 8b 17 74 15 8b 52 08 8b 0d 45 25 66 00
0x000000006490f263:   48 d3 e2 48 03 15 33 25 66 00 eb 04 48 8b 52 08
0x000000006490f273:   48 8b 52 68 48 8b ce e8 51 78 0d 00 48 83 7c 24
0x000000006490f283:   28 00 48 8b f0 74 0a 48 8d 4c 24 20 e8 5c cb 13 


Register to memory mapping:

RAX=0x0000000000000000 is an unknown value
RBX=0x000000001abfa800 is a thread
RCX=0x0000000000000003 is an unknown value
RDX=0x00000003250a2280 is an unknown value
RSP=0x000000001bc2c160 is pointing into the stack for thread: 0x000000001abfa800
RBP=0x000000001bc2c2b0 is pointing into the stack for thread: 0x000000001abfa800
RSI=0x000000001abfa9f8 is an unknown value
RDI=0x000000001abfa800 is a thread
R8 =0xffff8004011623b0 is an unknown value
R9 =0x00007ffbfee9dc7f is an unknown value
R10=0x000000000000002f is an unknown value
R11=0x000000000000002f is an unknown value
R12=0x0000000000000000 is an unknown value
R13=0x0000000000000000 is an unknown value
R14=0x000000001bc2c4f0 is pointing into the stack for thread: 0x000000001abfa800
R15=0x000000001bc2c4c0 is pointing into the stack for thread: 0x000000001abfa800


Stack: [0x000000001bb30000,0x000000001bc30000],  sp=0x000000001bc2c160,  free space=1008k
Native frames: (J=compiled Java code, j=interpreted, Vv=VM code, C=native code)
V  [jvm.dll+0x13f273]
C  [sqljdbc_auth.dll+0x68f4]
C  0x00000000029b7f74

Java frames: (J=compiled Java code, j=interpreted, Vv=VM code)
j  com.microsoft.sqlserver.jdbc.AuthenticationJNI.SNISecGenClientContext([B[I[BI[B[I[ZLjava/lang/String;Ljava/lang/String;Ljava/lang/String;Ljava/util/logging/Logger;)I+0
j  com.microsoft.sqlserver.jdbc.AuthenticationJNI.GenerateClientContext([BI[B[I[Z)I+24
j  com.microsoft.sqlserver.jdbc.SQLServerConnection.SSPIData([B[B[I[ZLcom/microsoft/sqlserver/jdbc/AuthenticationJNI;)V+13
j  com.microsoft.sqlserver.jdbc.SQLServerConnection.sendLogon(Lcom/microsoft/sqlserver/jdbc/SQLServerConnection$LogonCommand;Lcom/microsoft/sqlserver/jdbc/AuthenticationJNI;)V+155
j  com.microsoft.sqlserver.jdbc.SQLServerConnection.logon(Lcom/microsoft/sqlserver/jdbc/SQLServerConnection$LogonCommand;)V+20
j  com.microsoft.sqlserver.jdbc.SQLServerConnection.access$000(Lcom/microsoft/sqlserver/jdbc/SQLServerConnection;Lcom/microsoft/sqlserver/jdbc/SQLServerConnection$LogonCommand;)V+2
j  com.microsoft.sqlserver.jdbc.SQLServerConnection$LogonCommand.doExecute()Z+5
j  com.microsoft.sqlserver.jdbc.TDSCommand.execute(Lcom/microsoft/sqlserver/jdbc/TDSWriter;Lcom/microsoft/sqlserver/jdbc/TDSReader;)Z+30
j  com.microsoft.sqlserver.jdbc.SQLServerConnection.executeCommand(Lcom/microsoft/sqlserver/jdbc/TDSCommand;)Z+45
j  com.microsoft.sqlserver.jdbc.SQLServerConnection.connectHelper(Lcom/microsoft/sqlserver/jdbc/ServerPortPlaceHolder;II)V+284
j  com.microsoft.sqlserver.jdbc.SQLServerConnection.login(Ljava/lang/String;Ljava/lang/String;ILjava/lang/String;Lcom/microsoft/sqlserver/jdbc/FailoverInfo;IJ)V+399
j  com.microsoft.sqlserver.jdbc.SQLServerConnection.connect(Ljava/util/Properties;Lcom/microsoft/sqlserver/jdbc/SQLServerPooledConnection;)Ljava/sql/Connection;+1929
j  com.microsoft.sqlserver.jdbc.SQLServerDriver.connect(Ljava/lang/String;Ljava/util/Properties;)Ljava/sql/Connection;+45
j  java.sql.DriverManager.getConnection(Ljava/lang/String;Ljava/util/Properties;Ljava/lang/Class;)Ljava/sql/Connection;+171
j  java.sql.DriverManager.getConnection(Ljava/lang/String;)Ljava/sql/Connection;+13
j  Generales.conecta.conexion()Ljava/sql/Connection;+17
j  Generales.Metodos.Datos(Ljava/lang/String;Ljava/lang/String;Ljava/lang/String;Ljava/lang/String;)Ljava/lang/String;+53
j  LOGIN.logeo.jButton1ActionPerformed(Ljava/awt/event/ActionEvent;)V+33
j  LOGIN.logeo.access$000(LLOGIN/logeo;Ljava/awt/event/ActionEvent;)V+2
j  LOGIN.logeo$1.actionPerformed(Ljava/awt/event/ActionEvent;)V+5
j  javax.swing.AbstractButton.fireActionPerformed(Ljava/awt/event/ActionEvent;)V+83
j  javax.swing.AbstractButton$Handler.actionPerformed(Ljava/awt/event/ActionEvent;)V+5
j  javax.swing.DefaultButtonModel.fireActionPerformed(Ljava/awt/event/ActionEvent;)V+34
j  javax.swing.DefaultButtonModel.setPressed(Z)V+117
j  javax.swing.plaf.basic.BasicButtonListener.mouseReleased(Ljava/awt/event/MouseEvent;)V+35
j  java.awt.Component.processMouseEvent(Ljava/awt/event/MouseEvent;)V+64
j  javax.swing.JComponent.processMouseEvent(Ljava/awt/event/MouseEvent;)V+23
j  java.awt.Component.processEvent(Ljava/awt/AWTEvent;)V+81
j  java.awt.Container.processEvent(Ljava/awt/AWTEvent;)V+18
j  java.awt.Component.dispatchEventImpl(Ljava/awt/AWTEvent;)V+589
J 971 C1 java.awt.Container.dispatchEventImpl(Ljava/awt/AWTEvent;)V (129 bytes) @ 0x0000000002cf8f8c [0x0000000002cf8e40+0x14c]
J 970 C1 java.awt.Component.dispatchEvent(Ljava/awt/AWTEvent;)V (6 bytes) @ 0x0000000002cf3004 [0x0000000002cf2f00+0x104]
j  java.awt.LightweightDispatcher.retargetMouseEvent(Ljava/awt/Component;ILjava/awt/event/MouseEvent;)V+327
j  java.awt.LightweightDispatcher.processMouseEvent(Ljava/awt/event/MouseEvent;)Z+155
j  java.awt.LightweightDispatcher.dispatchEvent(Ljava/awt/AWTEvent;)Z+50
J 971 C1 java.awt.Container.dispatchEventImpl(Ljava/awt/AWTEvent;)V (129 bytes) @ 0x0000000002cf8f2c [0x0000000002cf8e40+0xec]
j  java.awt.Window.dispatchEventImpl(Ljava/awt/AWTEvent;)V+19
J 994 C1 java.awt.EventQueue.dispatchEventImpl(Ljava/awt/AWTEvent;Ljava/lang/Object;)V (149 bytes) @ 0x0000000002d08abc [0x0000000002d07240+0x187c]
J 992 C1 java.awt.EventQueue$3.run()Ljava/lang/Void; (60 bytes) @ 0x0000000002d0639c [0x0000000002d06180+0x21c]
J 991 C1 java.awt.EventQueue$3.run()Ljava/lang/Object; (5 bytes) @ 0x0000000002d06a8c [0x0000000002d06a00+0x8c]
v  ~StubRoutines::call_stub
J 512  java.security.AccessController.doPrivileged(Ljava/security/PrivilegedAction;Ljava/security/AccessControlContext;)Ljava/lang/Object; (0 bytes) @ 0x0000000002bb9326 [0x0000000002bb92c0+0x66]
J 771 C1 java.security.ProtectionDomain$JavaSecurityAccessImpl.doIntersectionPrivilege(Ljava/security/PrivilegedAction;Ljava/security/AccessControlContext;Ljava/security/AccessControlContext;)Ljava/lang/Object; (22 bytes) @ 0x0000000002c7b47c [0x0000000002c7b000+0x47c]
j  java.security.ProtectionDomain$JavaSecurityAccessImpl.doIntersectionPrivilege(Ljava/security/PrivilegedAction;Ljava/security/AccessControlContext;)Ljava/lang/Object;+6
j  java.awt.EventQueue$4.run()Ljava/lang/Void;+11
j  java.awt.EventQueue$4.run()Ljava/lang/Object;+1
v  ~StubRoutines::call_stub
J 512  java.security.AccessController.doPrivileged(Ljava/security/PrivilegedAction;Ljava/security/AccessControlContext;)Ljava/lang/Object; (0 bytes) @ 0x0000000002bb9326 [0x0000000002bb92c0+0x66]
J 935 C1 java.awt.EventQueue.dispatchEvent(Ljava/awt/AWTEvent;)V (80 bytes) @ 0x0000000002cdfc7c [0x0000000002cdedc0+0xebc]
J 937 C1 java.awt.EventDispatchThread.pumpOneEventForFilters(I)V (295 bytes) @ 0x0000000002ce2b94 [0x0000000002ce0ec0+0x1cd4]
j  java.awt.EventDispatchThread.pumpEventsForFilter(ILjava/awt/Conditional;Ljava/awt/EventFilter;)V+35
j  java.awt.EventDispatchThread.pumpEventsForHierarchy(ILjava/awt/Conditional;Ljava/awt/Component;)V+11
j  java.awt.EventDispatchThread.pumpEvents(ILjava/awt/Conditional;)V+4
j  java.awt.EventDispatchThread.pumpEvents(Ljava/awt/Conditional;)V+3
j  java.awt.EventDispatchThread.run()V+9
v  ~StubRoutines::call_stub

---------------  P R O C E S S  ---------------

Java Threads: ( => current thread )
  0x000000001ae9a000 JavaThread "TimerQueue" daemon [_thread_blocked, id=5472, stack(0x000000001caa0000,0x000000001cba0000)]
  0x000000000294e000 JavaThread "DestroyJavaVM" [_thread_blocked, id=9200, stack(0x0000000000f80000,0x0000000001080000)]
=>0x000000001abfa800 JavaThread "AWT-EventQueue-0" [_thread_in_vm, id=5408, stack(0x000000001bb30000,0x000000001bc30000)]
  0x000000001aba2000 JavaThread "AWT-Windows" daemon [_thread_in_native, id=3736, stack(0x000000001b4d0000,0x000000001b5d0000)]
  0x000000001ab9f800 JavaThread "AWT-Shutdown" [_thread_blocked, id=8308, stack(0x000000001b3d0000,0x000000001b4d0000)]
  0x000000001ab9e800 JavaThread "Java2D Disposer" daemon [_thread_blocked, id=7972, stack(0x000000001b2d0000,0x000000001b3d0000)]
  0x000000001a3a8800 JavaThread "Service Thread" daemon [_thread_blocked, id=8164, stack(0x000000001a780000,0x000000001a880000)]
  0x00000000189f7800 JavaThread "C1 CompilerThread2" daemon [_thread_blocked, id=10152, stack(0x000000001a280000,0x000000001a380000)]
  0x00000000189f2000 JavaThread "C2 CompilerThread1" daemon [_thread_blocked, id=8084, stack(0x000000001a180000,0x000000001a280000)]
  0x00000000189ef800 JavaThread "C2 CompilerThread0" daemon [_thread_blocked, id=8092, stack(0x000000001a080000,0x000000001a180000)]
  0x00000000189ee800 JavaThread "Attach Listener" daemon [_thread_blocked, id=10228, stack(0x0000000019f80000,0x000000001a080000)]
  0x00000000189ed800 JavaThread "Signal Dispatcher" daemon [_thread_blocked, id=6748, stack(0x0000000019e80000,0x0000000019f80000)]
  0x00000000028cc800 JavaThread "Finalizer" daemon [_thread_blocked, id=9236, stack(0x0000000019c70000,0x0000000019d70000)]
  0x00000000028c2000 JavaThread "Reference Handler" daemon [_thread_blocked, id=9344, stack(0x0000000019b70000,0x0000000019c70000)]

Other Threads:
  0x00000000189b6800 VMThread [stack: 0x0000000019a70000,0x0000000019b70000] [id=8304]
  0x000000001a3e1000 WatcherThread [stack: 0x000000001a880000,0x000000001a980000] [id=7500]

VM state:not at safepoint (normal execution)

VM Mutex/Monitor currently owned by a thread: None

Heap:
 PSYoungGen      total 49152K, used 14824K [0x0000000789d80000, 0x000000078d400000, 0x00000007c0000000)
  eden space 42496K, 19% used [0x0000000789d80000,0x000000078a57ba78,0x000000078c700000)
  from space 6656K, 99% used [0x000000078c700000,0x000000078cd7e938,0x000000078cd80000)
  to   space 6656K, 0% used [0x000000078cd80000,0x000000078cd80000,0x000000078d400000)
 ParOldGen       total 112128K, used 20687K [0x000000071d800000, 0x0000000724580000, 0x0000000789d80000)
  object space 112128K, 18% used [0x000000071d800000,0x000000071ec33fb0,0x0000000724580000)
 Metaspace       used 16945K, capacity 17216K, committed 17536K, reserved 1064960K
  class space    used 2046K, capacity 2140K, committed 2176K, reserved 1048576K

Card table byte_map: [0x0000000011d60000,0x0000000012280000] byte_map_base: 0x000000000e474000

Marking Bits: (ParMarkBitMap*) 0x0000000064fed850
 Begin Bits: [0x00000000129f0000, 0x0000000015290000)
 End Bits:   [0x0000000015290000, 0x0000000017b30000)

Polling page: 0x00000000027b0000

CodeCache: size=245760Kb used=5318Kb max_used=5324Kb free=240442Kb
 bounds [0x00000000029a0000, 0x0000000002ee0000, 0x00000000119a0000]
 total_blobs=2199 nmethods=1650 adapters=461
 compilation: enabled

Compilation events (10 events):
Event: 10.421 Thread 0x00000000189f7800 1645       3       java.util.zip.ZipFile::ensureOpenOrZipException (18 bytes)
Event: 10.421 Thread 0x00000000189f7800 nmethod 1645 0x0000000002ec6650 code [0x0000000002ec67c0, 0x0000000002ec69e8]
Event: 10.421 Thread 0x00000000189f7800 1646       3       java.util.zip.ZipFile::access$1400 (14 bytes)
Event: 10.421 Thread 0x00000000189f7800 nmethod 1646 0x0000000002ecce90 code [0x0000000002ecd000, 0x0000000002ecd168]
Event: 10.423 Thread 0x00000000189f7800 1648       1       java.util.logging.Level::intValue (5 bytes)
Event: 10.423 Thread 0x00000000189f7800 nmethod 1648 0x0000000002ec4b10 code [0x0000000002ec4c60, 0x0000000002ec4d70]
Event: 10.424 Thread 0x00000000189f7800 1649       3       sun.security.provider.DigestBase::<init> (27 bytes)
Event: 10.424 Thread 0x00000000189f7800 nmethod 1649 0x0000000002ecc910 code [0x0000000002ecca80, 0x0000000002eccd50]
Event: 10.430 Thread 0x00000000189f7800 1650       3       java.lang.String::toLowerCase (8 bytes)
Event: 10.430 Thread 0x00000000189f7800 nmethod 1650 0x0000000002ecc1d0 code [0x0000000002ecc340, 0x0000000002ecc5c8]

GC Heap History (2 events):
Event: 10.231 GC heap before
{Heap before GC invocations=1 (full 0):
 PSYoungGen      total 49152K, used 42496K [0x0000000789d80000, 0x000000078d400000, 0x00000007c0000000)
  eden space 42496K, 100% used [0x0000000789d80000,0x000000078c700000,0x000000078c700000)
  from space 6656K, 0% used [0x000000078cd80000,0x000000078cd80000,0x000000078d400000)
  to   space 6656K, 0% used [0x000000078c700000,0x000000078c700000,0x000000078cd80000)
 ParOldGen       total 112128K, used 0K [0x000000071d800000, 0x0000000724580000, 0x0000000789d80000)
  object space 112128K, 0% used [0x000000071d800000,0x000000071d800000,0x0000000724580000)
 Metaspace       used 16041K, capacity 16352K, committed 16640K, reserved 1064960K
  class space    used 1955K, capacity 2044K, committed 2048K, reserved 1048576K
Event: 10.242 GC heap after
Heap after GC invocations=1 (full 0):
 PSYoungGen      total 49152K, used 6650K [0x0000000789d80000, 0x000000078d400000, 0x00000007c0000000)
  eden space 42496K, 0% used [0x0000000789d80000,0x0000000789d80000,0x000000078c700000)
  from space 6656K, 99% used [0x000000078c700000,0x000000078cd7e938,0x000000078cd80000)
  to   space 6656K, 0% used [0x000000078cd80000,0x000000078cd80000,0x000000078d400000)
 ParOldGen       total 112128K, used 20687K [0x000000071d800000, 0x0000000724580000, 0x0000000789d80000)
  object space 112128K, 18% used [0x000000071d800000,0x000000071ec33fb0,0x0000000724580000)
 Metaspace       used 16041K, capacity 16352K, committed 16640K, reserved 1064960K
  class space    used 1955K, capacity 2044K, committed 2048K, reserved 1048576K
}

Deoptimization events (10 events):
Event: 3.643 Thread 0x000000001abfa800 Uncommon trap: reason=class_check action=maybe_recompile pc=0x0000000002b0f3d8 method=java.lang.String.equals(Ljava/lang/Object;)Z @ 8
Event: 3.643 Thread 0x000000001abfa800 Uncommon trap: reason=class_check action=maybe_recompile pc=0x0000000002b0f3d8 method=java.lang.String.equals(Ljava/lang/Object;)Z @ 8
Event: 4.251 Thread 0x000000001abfa800 Uncommon trap: reason=class_check action=maybe_recompile pc=0x0000000002b0f3d8 method=java.lang.String.equals(Ljava/lang/Object;)Z @ 8
Event: 4.251 Thread 0x000000001abfa800 Uncommon trap: reason=class_check action=maybe_recompile pc=0x0000000002b0f3d8 method=java.lang.String.equals(Ljava/lang/Object;)Z @ 8
Event: 9.965 Thread 0x000000001abfa800 Uncommon trap: reason=unstable_if action=reinterpret pc=0x0000000002cc9ec4 method=java.lang.String.indexOf([CII[CIII)I @ 3
Event: 10.069 Thread 0x000000001abfa800 Uncommon trap: reason=class_check action=maybe_recompile pc=0x0000000002d9c864 method=java.util.HashMap.putVal(ILjava/lang/Object;Ljava/lang/Object;ZZ)Ljava/lang/Object; @ 253
Event: 10.069 Thread 0x000000001abfa800 Uncommon trap: reason=class_check action=maybe_recompile pc=0x0000000002d9c864 method=java.util.HashMap.putVal(ILjava/lang/Object;Ljava/lang/Object;ZZ)Ljava/lang/Object; @ 253
Event: 10.069 Thread 0x000000001abfa800 Uncommon trap: reason=class_check action=maybe_recompile pc=0x0000000002d9c864 method=java.util.HashMap.putVal(ILjava/lang/Object;Ljava/lang/Object;ZZ)Ljava/lang/Object; @ 253
Event: 10.069 Thread 0x000000001abfa800 Uncommon trap: reason=class_check action=maybe_recompile pc=0x0000000002d9c864 method=java.util.HashMap.putVal(ILjava/lang/Object;Ljava/lang/Object;ZZ)Ljava/lang/Object; @ 253
Event: 10.069 Thread 0x000000001abfa800 Uncommon trap: reason=class_check action=maybe_recompile pc=0x0000000002d96228 method=java.util.HashMap.putVal(ILjava/lang/Object;Ljava/lang/Object;ZZ)Ljava/lang/Object; @ 253

Internal exceptions (10 events):
Event: 0.188 Thread 0x000000000294e000 Exception <a 'java/lang/ClassNotFoundException': ToggleButton> (0x000000078a2827d8) thrown at [C:\re\workspace\8-2-build-windows-amd64-cygwin\jdk8u144\9417\hotspot\src\share\vm\classfile\systemDictionary.cpp, line 210]
Event: 0.188 Thread 0x000000000294e000 Exception <a 'java/lang/ClassNotFoundException': javax/swing/JToolBarSeparator> (0x000000078a282c38) thrown at [C:\re\workspace\8-2-build-windows-amd64-cygwin\jdk8u144\9417\hotspot\src\share\vm\classfile\systemDictionary.cpp, line 210]
Event: 0.188 Thread 0x000000000294e000 Exception <a 'java/lang/ClassNotFoundException': ToolBarSeparator> (0x000000078a2830d0) thrown at [C:\re\workspace\8-2-build-windows-amd64-cygwin\jdk8u144\9417\hotspot\src\share\vm\classfile\systemDictionary.cpp, line 210]
Event: 0.189 Thread 0x000000000294e000 Exception <a 'java/lang/ClassNotFoundException': ToolTip> (0x000000078a283810) thrown at [C:\re\workspace\8-2-build-windows-amd64-cygwin\jdk8u144\9417\hotspot\src\share\vm\classfile\systemDictionary.cpp, line 210]
Event: 0.189 Thread 0x000000000294e000 Exception <a 'java/lang/ClassNotFoundException': Tree> (0x000000078a284430) thrown at [C:\re\workspace\8-2-build-windows-amd64-cygwin\jdk8u144\9417\hotspot\src\share\vm\classfile\systemDictionary.cpp, line 210]
Event: 0.189 Thread 0x000000000294e000 Exception <a 'java/lang/ClassNotFoundException': Tree> (0x000000078a284b70) thrown at [C:\re\workspace\8-2-build-windows-amd64-cygwin\jdk8u144\9417\hotspot\src\share\vm\classfile\systemDictionary.cpp, line 210]
Event: 0.189 Thread 0x000000000294e000 Exception <a 'java/lang/ClassNotFoundException': javax/swing/JTreeCell> (0x000000078a284ef0) thrown at [C:\re\workspace\8-2-build-windows-amd64-cygwin\jdk8u144\9417\hotspot\src\share\vm\classfile\systemDictionary.cpp, line 210]
Event: 0.189 Thread 0x000000000294e000 Exception <a 'java/lang/ClassNotFoundException': TreeCell> (0x000000078a285378) thrown at [C:\re\workspace\8-2-build-windows-amd64-cygwin\jdk8u144\9417\hotspot\src\share\vm\classfile\systemDictionary.cpp, line 210]
Event: 0.190 Thread 0x000000000294e000 Exception <a 'java/lang/ClassNotFoundException': RootPane> (0x000000078a285dd8) thrown at [C:\re\workspace\8-2-build-windows-amd64-cygwin\jdk8u144\9417\hotspot\src\share\vm\classfile\systemDictionary.cpp, line 210]
Event: 0.402 Thread 0x000000001ace2800 Implicit null exception at 0x0000000002bc888c to 0x0000000002bc8fea

Events (10 events):
Event: 10.421 loading class com/sun/crypto/provider/HmacCore
Event: 10.421 loading class com/sun/crypto/provider/HmacCore done
Event: 10.422 loading class javax/crypto/MacSpi
Event: 10.422 loading class javax/crypto/MacSpi done
Event: 10.423 loading class sun/security/ssl/CipherBox$1
Event: 10.423 loading class sun/security/ssl/CipherBox$1 done
Event: 10.424 loading class com/microsoft/sqlserver/jdbc/AuthenticationJNI
Event: 10.424 loading class com/microsoft/sqlserver/jdbc/AuthenticationJNI done
Event: 10.424 loading class java/lang/ClassLoaderHelper
Event: 10.424 loading class java/lang/ClassLoaderHelper done


Dynamic libraries:
0x00007ff7110c0000 - 0x00007ff7110f7000 	C:\Program Files\Java\jdk1.8.0_144\bin\java.exe
0x00007ffc21e40000 - 0x00007ffc22012000 	C:\Windows\SYSTEM32\ntdll.dll
0x00007ffc1f580000 - 0x00007ffc1f62c000 	C:\Windows\System32\KERNEL32.DLL
0x00007ffc1ea90000 - 0x00007ffc1ecad000 	C:\Windows\System32\KERNELBASE.dll
0x00007ffc204c0000 - 0x00007ffc20562000 	C:\Windows\System32\ADVAPI32.dll
0x00007ffc1f8f0000 - 0x00007ffc1f98e000 	C:\Windows\System32\msvcrt.dll
0x00007ffc1f990000 - 0x00007ffc1f9e9000 	C:\Windows\System32\sechost.dll
0x00007ffc206e0000 - 0x00007ffc20801000 	C:\Windows\System32\RPCRT4.dll
0x00007ffc20570000 - 0x00007ffc206d5000 	C:\Windows\System32\USER32.dll
0x00007ffc1edc0000 - 0x00007ffc1edde000 	C:\Windows\System32\win32u.dll
0x00007ffc1f8b0000 - 0x00007ffc1f8e4000 	C:\Windows\System32\GDI32.dll
0x00007ffc1ee90000 - 0x00007ffc1f010000 	C:\Windows\System32\gdi32full.dll
0x00007ffc11560000 - 0x00007ffc117da000 	C:\Windows\WinSxS\amd64_microsoft.windows.common-controls_6595b64144ccf1df_6.0.14393.953_none_42151e83c686086b\COMCTL32.dll
0x00007ffc1f9f0000 - 0x00007ffc1fcb8000 	C:\Windows\System32\combase.dll
0x00007ffc1f010000 - 0x00007ffc1f105000 	C:\Windows\System32\ucrtbase.dll
0x00007ffc1e340000 - 0x00007ffc1e3aa000 	C:\Windows\System32\bcryptPrimitives.dll
0x00007ffc20810000 - 0x00007ffc2083e000 	C:\Windows\System32\IMM32.DLL
0x00000000646f0000 - 0x00000000647c2000 	C:\Program Files\Java\jdk1.8.0_144\jre\bin\msvcr100.dll
0x00000000647d0000 - 0x000000006506d000 	C:\Program Files\Java\jdk1.8.0_144\jre\bin\server\jvm.dll
0x00007ffc1f700000 - 0x00007ffc1f708000 	C:\Windows\System32\PSAPI.DLL
0x00007ffc1bf70000 - 0x00007ffc1bf93000 	C:\Windows\SYSTEM32\WINMM.dll
0x00007ffc1b7e0000 - 0x00007ffc1b7e9000 	C:\Windows\SYSTEM32\WSOCK32.dll
0x00007ffc19d50000 - 0x00007ffc19d5a000 	C:\Windows\SYSTEM32\VERSION.dll
0x00007ffc21dd0000 - 0x00007ffc21e3a000 	C:\Windows\System32\WS2_32.dll
0x00007ffc1bbe0000 - 0x00007ffc1bc0b000 	C:\Windows\SYSTEM32\WINMMBASE.dll
0x00007ffc1f380000 - 0x00007ffc1f3c2000 	C:\Windows\System32\cfgmgr32.dll
0x0000000065320000 - 0x000000006532f000 	C:\Program Files\Java\jdk1.8.0_144\jre\bin\verify.dll
0x00000000652f0000 - 0x0000000065319000 	C:\Program Files\Java\jdk1.8.0_144\jre\bin\java.dll
0x00000000646d0000 - 0x00000000646e6000 	C:\Program Files\Java\jdk1.8.0_144\jre\bin\zip.dll
0x00007ffc20840000 - 0x00007ffc21d48000 	C:\Windows\System32\SHELL32.dll
0x00007ffc1e3b0000 - 0x00007ffc1ea88000 	C:\Windows\System32\windows.storage.dll
0x00007ffc1e2f0000 - 0x00007ffc1e33c000 	C:\Windows\System32\powrprof.dll
0x00007ffc1fcc0000 - 0x00007ffc1fd12000 	C:\Windows\System32\shlwapi.dll
0x00007ffc1e2d0000 - 0x00007ffc1e2df000 	C:\Windows\System32\kernel.appcore.dll
0x00007ffc1ede0000 - 0x00007ffc1ee89000 	C:\Windows\System32\shcore.dll
0x00007ffc1e2b0000 - 0x00007ffc1e2c4000 	C:\Windows\System32\profapi.dll
0x00000000644f0000 - 0x0000000064688000 	C:\Program Files\Java\jdk1.8.0_144\jre\bin\awt.dll
0x00007ffc1f640000 - 0x00007ffc1f6ff000 	C:\Windows\System32\OLEAUT32.dll
0x00007ffc1f110000 - 0x00007ffc1f1ac000 	C:\Windows\System32\msvcp_win.dll
0x00007ffc1c2c0000 - 0x00007ffc1c33a000 	C:\Windows\SYSTEM32\apphelp.dll
0x00007ffc1cad0000 - 0x00007ffc1cb65000 	C:\Windows\system32\uxtheme.dll
0x00007ffc20150000 - 0x00007ffc202aa000 	C:\Windows\System32\MSCTF.dll
0x00007ffbf9bb0000 - 0x00007ffbf9bd0000 	C:\Program Files\ESET\ESET NOD32 Antivirus\eplgHooks.dll
0x00007ffc1b780000 - 0x00007ffc1b7a6000 	C:\Windows\system32\dwmapi.dll
0x00007ffc1f430000 - 0x00007ffc1f568000 	C:\Windows\System32\ole32.dll
0x00000000644a0000 - 0x00000000644e7000 	C:\Program Files\Java\jdk1.8.0_144\jre\bin\fontmanager.dll
0x00007ffbf6640000 - 0x00007ffbf6763000 	C:\Windows\system32\opengl32.dll
0x00007ffc12c00000 - 0x00007ffc12c2d000 	C:\Windows\SYSTEM32\GLU32.dll
0x00007ffbf6540000 - 0x00007ffbf6637000 	C:\Windows\SYSTEM32\DDRAW.dll
0x00007ffc13220000 - 0x00007ffc13228000 	C:\Windows\SYSTEM32\DCIMAN32.dll
0x00007ffc20320000 - 0x00007ffc203bf000 	C:\Windows\System32\clbcatq.dll
0x00007ffc1a9b0000 - 0x00007ffc1ab58000 	C:\Windows\SYSTEM32\WindowsCodecs.dll
0x00007ffbfaca0000 - 0x00007ffbface9000 	C:\Windows\system32\dataexchange.dll
0x00007ffc1b100000 - 0x00007ffc1b3b6000 	C:\Windows\system32\d3d11.dll
0x00007ffc1bc10000 - 0x00007ffc1bd61000 	C:\Windows\system32\dcomp.dll
0x00007ffc1d350000 - 0x00007ffc1d3ef000 	C:\Windows\system32\dxgi.dll
0x00007ffc1cd10000 - 0x00007ffc1ce2c000 	C:\Windows\system32\twinapi.appcore.dll
0x00007ffc1e1f0000 - 0x00007ffc1e21b000 	C:\Windows\system32\bcrypt.dll
0x00000000646b0000 - 0x00000000646ca000 	C:\Program Files\Java\jdk1.8.0_144\jre\bin\net.dll
0x00007ffc1db80000 - 0x00007ffc1dbdc000 	C:\Windows\system32\mswsock.dll
0x0000000064690000 - 0x00000000646a1000 	C:\Program Files\Java\jdk1.8.0_144\jre\bin\nio.dll
0x0000000064450000 - 0x0000000064492000 	C:\Program Files\Java\jdk1.8.0_144\jre\bin\t2k.dll
0x0000000064410000 - 0x0000000064441000 	C:\Program Files\Java\jdk1.8.0_144\jre\bin\jpeg.dll
0x0000000064370000 - 0x000000006439a000 	C:\Program Files\Java\jdk1.8.0_144\jre\bin\dcpr.dll
0x00007ffc1d940000 - 0x00007ffc1d9e1000 	C:\Windows\SYSTEM32\DNSAPI.dll
0x00007ffc1f630000 - 0x00007ffc1f638000 	C:\Windows\System32\NSI.dll
0x00007ffc1d900000 - 0x00007ffc1d938000 	C:\Windows\SYSTEM32\IPHLPAPI.DLL
0x00007ffc0d0a0000 - 0x00007ffc0d0aa000 	C:\Windows\System32\rasadhlp.dll
0x00007ffc11400000 - 0x00007ffc1146a000 	C:\Windows\System32\fwpuclnt.dll
0x0000000064340000 - 0x0000000064364000 	C:\Program Files\Java\jdk1.8.0_144\jre\bin\sunec.dll
0x00007ffc12260000 - 0x00007ffc12276000 	C:\Windows\SYSTEM32\dhcpcsvc6.DLL
0x00007ffc121a0000 - 0x00007ffc121ba000 	C:\Windows\SYSTEM32\dhcpcsvc.DLL
0x00007ffc1dd30000 - 0x00007ffc1dd47000 	C:\Windows\SYSTEM32\CRYPTSP.dll
0x00007ffc1d780000 - 0x00007ffc1d7b3000 	C:\Windows\system32\rsaenh.dll
0x00007ffc1da00000 - 0x00007ffc1da1f000 	C:\Windows\SYSTEM32\USERENV.dll
0x00007ffc1dd20000 - 0x00007ffc1dd2b000 	C:\Windows\SYSTEM32\CRYPTBASE.dll
0x0000000064330000 - 0x000000006433b000 	C:\Program Files\Java\jdk1.8.0_144\jre\bin\sunmscapi.dll
0x00007ffc1f1b0000 - 0x00007ffc1f379000 	C:\Windows\System32\CRYPT32.dll
0x00007ffc1e2e0000 - 0x00007ffc1e2f0000 	C:\Windows\System32\MSASN1.dll
0x00007ffbfee70000 - 0x00007ffbfeebe000 	C:\Windows\sqljdbc_auth.dll
0x00007ffc1c340000 - 0x00007ffc1c34c000 	C:\Windows\system32\secur32.dll
0x00007ffc1df20000 - 0x00007ffc1df4c000 	C:\Windows\SYSTEM32\SSPICLI.DLL
0x00007ffc1dc30000 - 0x00007ffc1dd20000 	C:\Windows\system32\kerberos.DLL
0x00007ffc1db10000 - 0x00007ffc1db77000 	C:\Windows\system32\msv1_0.DLL
0x00007ffc1db00000 - 0x00007ffc1db0c000 	C:\Windows\SYSTEM32\NtlmShared.dll
0x00007ffc1dbe0000 - 0x00007ffc1dbf5000 	C:\Windows\SYSTEM32\cryptdll.dll
0x00007ffc08380000 - 0x00007ffc083a9000 	C:\Windows\system32\ntdsapi.dll
0x00007ffc08f60000 - 0x00007ffc08f76000 	C:\Windows\system32\napinsp.dll
0x00007ffc08f80000 - 0x00007ffc08f9a000 	C:\Windows\system32\pnrpnsp.dll
0x00007ffc14ff0000 - 0x00007ffc15008000 	C:\Windows\system32\NLAapi.dll
0x00007ffc09010000 - 0x00007ffc0901e000 	C:\Windows\System32\winrnr.dll
0x00007ffc09020000 - 0x00007ffc09035000 	C:\Windows\System32\wshbth.dll
0x00007ffc1ae10000 - 0x00007ffc1afa2000 	C:\Windows\SYSTEM32\dbghelp.dll

VM Arguments:
jvm_args: -Dfile.encoding=UTF-8 
java_command: LOGIN.logeo
java_class_path (initial): C:\Program Files\NetBeans 8.2\java\modules\ext\AbsoluteLayout.jar;C:\Users\hp\Desktop\Protecto ventas 14002\aplicacion\JavaApplication1\lib\sqljdbc4.jar;C:\Users\hp\Desktop\Protecto ventas 14002\aplicacion\JavaApplication1\lib\jasperreports-6.4.0.jar;C:\Users\hp\Desktop\Protecto ventas 14002\aplicacion\JavaApplication1\lib\com.lowagie.text-2.1.7.jar;C:\Users\hp\Desktop\Protecto ventas 14002\aplicacion\JavaApplication1\lib\commons-beanutils-1.8.0.jar;C:\Users\hp\Desktop\Protecto ventas 14002\aplicacion\JavaApplication1\lib\commons-collections-3.2.1.jar;C:\Users\hp\Desktop\Protecto ventas 14002\aplicacion\JavaApplication1\lib\commons-digester-1.7.jar;C:\Users\hp\Desktop\Protecto ventas 14002\aplicacion\JavaApplication1\lib\commons-javaflow-20060411.jar;C:\Users\hp\Desktop\Protecto ventas 14002\aplicacion\JavaApplication1\lib\commons-logging-1.1.jar;C:\Users\hp\Desktop\Protecto ventas 14002\aplicacion\JavaApplication1\lib\groovy-all-1.5.5.jar;C:\Users\hp\Desktop\Protecto ventas 14002\aplicacion\JavaApplication1\lib\iText-2.1.0.jar;C:\Users\hp\Desktop\Protecto ventas 14002\aplicacion\JavaApplication1\lib\jcalendar-1.4.jar;C:\Users\hp\Desktop\Protecto ventas 14002\aplicacion\JavaApplication1\lib\filechooser-1.3.1.jar;C:\Users\hp\Downloads\sqljdbc_6.0.8112.100_enu\sqljdbc_6.0\enu\jre8\sqljdbc42.jar;C:\Users\hp\Desktop\Protecto ventas 14002\aplicacion\JavaApplication1\build\classes
Launcher Type: SUN_STANDARD

Environment Variables:
PATH=C:\ProgramData\Oracle\Java\javapath;C:\Windows\system32;C:\Windows;C:\Windows\System32\Wbem;C:\Windows\System32\WindowsPowerShell\v1.0\;C:\Program Files (x86)\NVIDIA Corporation\PhysX\Common;C:\Program Files\PuTTY\;C:\Program Files\dotnet\;C:\Program Files\Git\cmd;C:\Program Files\Microsoft SQL Server\130\Tools\Binn\;C:\Program Files\nodejs\;C:\Program Files (x86)\Microsoft SQL Server\Client SDK\ODBC\130\Tools\Binn\;C:\Program Files (x86)\Microsoft SQL Server\140\Tools\Binn\;C:\Program Files (x86)\Microsoft SQL Server\140\DTS\Binn\;C:\Program Files (x86)\Microsoft SQL Server\140\Tools\Binn\ManagementStudio\;C:\Program Files\Microsoft SQL Server\Client SDK\ODBC\130\Tools\Binn\;C:\Program Files\Microsoft SQL Server\140\Tools\Binn\;C:\Program Files\Microsoft SQL Server\140\DTS\Binn\;c:\Program Files (x86)\Microsoft SQL Server\110\Tools\Binn\;c:\Program Files\Microsoft SQL Server\110\Tools\Binn\;c:\Program Files\Microsoft SQL Server\110\DTS\Binn\;c:\Program Files (x86)\Microsoft SQL Server\110\Tools\Binn\ManagementStudio\;c:\Program Files (x86)\Microsoft SQL Server\110\DTS\Binn\;C:\Ruby24-x64\bin;C:\Users\hp\AppData\Local\Microsoft\WindowsApps;C:\Users\hp\AppData\Roaming\npm
USERNAME=hp
OS=Windows_NT
PROCESSOR_IDENTIFIER=Intel64 Family 6 Model 142 Stepping 9, GenuineIntel



---------------  S Y S T E M  ---------------

OS: Windows 10.0 , 64 bit Build 14393 (10.0.14393.1198)

CPU:total 4 (initial active 4) (2 cores per cpu, 2 threads per core) family 6 model 142 stepping 9, cmov, cx8, fxsr, mmx, sse, sse2, sse3, ssse3, sse4.1, sse4.2, popcnt, avx, avx2, aes, clmul, erms, 3dnowpref, lzcnt, ht, tsc, tscinvbit, bmi1, bmi2, adx

Memory: 4k page, physical 10646672k(3811392k free), swap 10646672k(2019524k free)

vm_info: Java HotSpot(TM) 64-Bit Server VM (25.144-b01) for windows-amd64 JRE (1.8.0_144-b01), built on Jul 21 2017 21:57:33 by "java_re" with MS VC++ 10.0 (VS2010)

time: Thu Jan 18 23:05:07 2018
elapsed time: 10 seconds (0d 0h 0m 10s)

