#
# A fatal error has been detected by the Java Runtime Environment:
#
#  EXCEPTION_ACCESS_VIOLATION (0xc0000005) at pc=0x000000006490f273, pid=8764, tid=0x0000000000002218
#
# JRE version: Java(TM) SE Runtime Environment (8.0_144-b01) (build 1.8.0_144-b01)
# Java VM: Java HotSpot(TM) 64-Bit Server VM (25.144-b01 mixed mode windows-amd64 compressed oops)
# Problematic frame:
# V  [jvm.dll+0x13f273]
#
# Failed to write core dump. Minidumps are not enabled by default on client versions of Windows
#
# If you would like to submit a bug report, please visit:
#   http://bugreport.java.com/bugreport/crash.jsp
#

---------------  T H R E A D  ---------------

Current thread (0x000000001a816800):  JavaThread "AWT-EventQueue-0" [_thread_in_vm, id=8728, stack(0x000000001b7d0000,0x000000001b8d0000)]

siginfo: ExceptionCode=0xc0000005, reading address 0x00000003250a22e8

Registers:
RAX=0x0000000000000000, RBX=0x000000001a816800, RCX=0x0000000000000003, RDX=0x00000003250a2280
RSP=0x000000001b8cc1c0, RBP=0x000000001b8cc310, RSI=0x000000001a8169f8, RDI=0x000000001a816800
R8 =0xffff8003f7c723b0, R9 =0x00007ffc0838dc7f, R10=0x000000000000002f, R11=0x000000000000002f
R12=0x0000000000000000, R13=0x0000000000000000, R14=0x000000001b8cc558, R15=0x000000001b8cc528
RIP=0x000000006490f273, EFLAGS=0x0000000000010202

Top of Stack: (sp=0x000000001b8cc1c0)
0x000000001b8cc1c0:   00007ffc0838dc50 000000001a816800
0x000000001b8cc1d0:   000000001b8cc310 0000000000000000
0x000000001b8cc1e0:   000000001a816800 0000000000000000
0x000000001b8cc1f0:   0000000000000000 0000000000000000
0x000000001b8cc200:   000000001a7ca330 00007ffc083668f4
0x000000001b8cc210:   000000001a8169f8 000000001b8cc310
0x000000001b8cc220:   000000001a816800 00000000026616a0
0x000000001b8cc230:   0000000000000000 0000000002661797
0x000000001b8cc240:   0000000002661aa0 0000000000000000
0x000000001b8cc250:   0000000000000000 0000000000000000
0x000000001b8cc260:   00000000026616a0 0000000018010000
0x000000001b8cc270:   0000000000000000 0000000000000000
0x000000001b8cc280:   0000000000000000 0000000000000000
0x000000001b8cc290:   0000000000000000 0000000000000000
0x000000001b8cc2a0:   0000000000000000 000000001b8cc560
0x000000001b8cc2b0:   000000001b8cc540 000000001b8cc528 

Instructions: (pc=0x000000006490f273)
0x000000006490f253:   00 00 48 8b 17 74 15 8b 52 08 8b 0d 45 25 66 00
0x000000006490f263:   48 d3 e2 48 03 15 33 25 66 00 eb 04 48 8b 52 08
0x000000006490f273:   48 8b 52 68 48 8b ce e8 51 78 0d 00 48 83 7c 24
0x000000006490f283:   28 00 48 8b f0 74 0a 48 8d 4c 24 20 e8 5c cb 13 


Register to memory mapping:

RAX=0x0000000000000000 is an unknown value
RBX=0x000000001a816800 is a thread
RCX=0x0000000000000003 is an unknown value
RDX=0x00000003250a2280 is an unknown value
RSP=0x000000001b8cc1c0 is pointing into the stack for thread: 0x000000001a816800
RBP=0x000000001b8cc310 is pointing into the stack for thread: 0x000000001a816800
RSI=0x000000001a8169f8 is an unknown value
RDI=0x000000001a816800 is a thread
R8 =0xffff8003f7c723b0 is an unknown value
R9 =0x00007ffc0838dc7f is an unknown value
R10=0x000000000000002f is an unknown value
R11=0x000000000000002f is an unknown value
R12=0x0000000000000000 is an unknown value
R13=0x0000000000000000 is an unknown value
R14=0x000000001b8cc558 is pointing into the stack for thread: 0x000000001a816800
R15=0x000000001b8cc528 is pointing into the stack for thread: 0x000000001a816800


Stack: [0x000000001b7d0000,0x000000001b8d0000],  sp=0x000000001b8cc1c0,  free space=1008k
Native frames: (J=compiled Java code, j=interpreted, Vv=VM code, C=native code)
V  [jvm.dll+0x13f273]
C  [sqljdbc_auth.dll+0x68f4]
C  0x0000000002617f74

Java frames: (J=compiled Java code, j=interpreted, Vv=VM code)
j  com.microsoft.sqlserver.jdbc.AuthenticationJNI.SNISecGenClientContext([B[I[BI[B[I[ZLjava/lang/String;Ljava/lang/String;Ljava/lang/String;Ljava/util/logging/Logger;)I+0
j  com.microsoft.sqlserver.jdbc.AuthenticationJNI.GenerateClientContext([BI[B[I[Z)I+24
j  com.microsoft.sqlserver.jdbc.SQLServerConnection.SSPIData([B[B[I[ZLcom/microsoft/sqlserver/jdbc/AuthenticationJNI;)V+13
j  com.microsoft.sqlserver.jdbc.SQLServerConnection.sendLogon(Lcom/microsoft/sqlserver/jdbc/SQLServerConnection$LogonCommand;Lcom/microsoft/sqlserver/jdbc/AuthenticationJNI;)V+155
j  com.microsoft.sqlserver.jdbc.SQLServerConnection.logon(Lcom/microsoft/sqlserver/jdbc/SQLServerConnection$LogonCommand;)V+20
j  com.microsoft.sqlserver.jdbc.SQLServerConnection.access$000(Lcom/microsoft/sqlserver/jdbc/SQLServerConnection;Lcom/microsoft/sqlserver/jdbc/SQLServerConnection$LogonCommand;)V+2
j  com.microsoft.sqlserver.jdbc.SQLServerConnection$LogonCommand.doExecute()Z+5
j  com.microsoft.sqlserver.jdbc.TDSCommand.execute(Lcom/microsoft/sqlserver/jdbc/TDSWriter;Lcom/microsoft/sqlserver/jdbc/TDSReader;)Z+30
j  com.microsoft.sqlserver.jdbc.SQLServerConnection.executeCommand(Lcom/microsoft/sqlserver/jdbc/TDSCommand;)Z+45
j  com.microsoft.sqlserver.jdbc.SQLServerConnection.connectHelper(Lcom/microsoft/sqlserver/jdbc/ServerPortPlaceHolder;II)V+284
j  com.microsoft.sqlserver.jdbc.SQLServerConnection.login(Ljava/lang/String;Ljava/lang/String;ILjava/lang/String;Lcom/microsoft/sqlserver/jdbc/FailoverInfo;IJ)V+399
j  com.microsoft.sqlserver.jdbc.SQLServerConnection.connect(Ljava/util/Properties;Lcom/microsoft/sqlserver/jdbc/SQLServerPooledConnection;)Ljava/sql/Connection;+1929
j  com.microsoft.sqlserver.jdbc.SQLServerDriver.connect(Ljava/lang/String;Ljava/util/Properties;)Ljava/sql/Connection;+45
j  java.sql.DriverManager.getConnection(Ljava/lang/String;Ljava/util/Properties;Ljava/lang/Class;)Ljava/sql/Connection;+171
j  java.sql.DriverManager.getConnection(Ljava/lang/String;)Ljava/sql/Connection;+13
j  Generales.conecta.conexion()Ljava/sql/Connection;+17
j  Generales.Metodos.Datos(Ljava/lang/String;Ljava/lang/String;Ljava/lang/String;Ljava/lang/String;)Ljava/lang/String;+53
j  LOGIN.logeo.jButton1ActionPerformed(Ljava/awt/event/ActionEvent;)V+33
j  LOGIN.logeo.access$000(LLOGIN/logeo;Ljava/awt/event/ActionEvent;)V+2
j  LOGIN.logeo$1.actionPerformed(Ljava/awt/event/ActionEvent;)V+5
j  javax.swing.AbstractButton.fireActionPerformed(Ljava/awt/event/ActionEvent;)V+83
j  javax.swing.AbstractButton$Handler.actionPerformed(Ljava/awt/event/ActionEvent;)V+5
j  javax.swing.DefaultButtonModel.fireActionPerformed(Ljava/awt/event/ActionEvent;)V+34
j  javax.swing.DefaultButtonModel.setPressed(Z)V+117
j  javax.swing.plaf.basic.BasicButtonListener.mouseReleased(Ljava/awt/event/MouseEvent;)V+35
j  java.awt.Component.processMouseEvent(Ljava/awt/event/MouseEvent;)V+64
j  javax.swing.JComponent.processMouseEvent(Ljava/awt/event/MouseEvent;)V+23
j  java.awt.Component.processEvent(Ljava/awt/AWTEvent;)V+81
j  java.awt.Container.processEvent(Ljava/awt/AWTEvent;)V+18
j  java.awt.Component.dispatchEventImpl(Ljava/awt/AWTEvent;)V+589
j  java.awt.Container.dispatchEventImpl(Ljava/awt/AWTEvent;)V+42
j  java.awt.Component.dispatchEvent(Ljava/awt/AWTEvent;)V+2
j  java.awt.LightweightDispatcher.retargetMouseEvent(Ljava/awt/Component;ILjava/awt/event/MouseEvent;)V+327
j  java.awt.LightweightDispatcher.processMouseEvent(Ljava/awt/event/MouseEvent;)Z+155
j  java.awt.LightweightDispatcher.dispatchEvent(Ljava/awt/AWTEvent;)Z+50
j  java.awt.Container.dispatchEventImpl(Ljava/awt/AWTEvent;)V+12
j  java.awt.Window.dispatchEventImpl(Ljava/awt/AWTEvent;)V+19
j  java.awt.Component.dispatchEvent(Ljava/awt/AWTEvent;)V+2
j  java.awt.EventQueue.dispatchEventImpl(Ljava/awt/AWTEvent;Ljava/lang/Object;)V+41
j  java.awt.EventQueue.access$500(Ljava/awt/EventQueue;Ljava/awt/AWTEvent;Ljava/lang/Object;)V+3
j  java.awt.EventQueue$3.run()Ljava/lang/Void;+32
j  java.awt.EventQueue$3.run()Ljava/lang/Object;+1
v  ~StubRoutines::call_stub
J 519  java.security.AccessController.doPrivileged(Ljava/security/PrivilegedAction;Ljava/security/AccessControlContext;)Ljava/lang/Object; (0 bytes) @ 0x0000000002818366 [0x0000000002818300+0x66]
J 748 C1 java.security.ProtectionDomain$JavaSecurityAccessImpl.doIntersectionPrivilege(Ljava/security/PrivilegedAction;Ljava/security/AccessControlContext;Ljava/security/AccessControlContext;)Ljava/lang/Object; (22 bytes) @ 0x00000000028adb3c [0x00000000028ad6c0+0x47c]
j  java.security.ProtectionDomain$JavaSecurityAccessImpl.doIntersectionPrivilege(Ljava/security/PrivilegedAction;Ljava/security/AccessControlContext;)Ljava/lang/Object;+6
j  java.awt.EventQueue$4.run()Ljava/lang/Void;+11
j  java.awt.EventQueue$4.run()Ljava/lang/Object;+1
v  ~StubRoutines::call_stub
J 519  java.security.AccessController.doPrivileged(Ljava/security/PrivilegedAction;Ljava/security/AccessControlContext;)Ljava/lang/Object; (0 bytes) @ 0x0000000002818366 [0x0000000002818300+0x66]
J 824 C1 java.awt.EventQueue.dispatchEvent(Ljava/awt/AWTEvent;)V (80 bytes) @ 0x00000000028ee33c [0x00000000028ed480+0xebc]
J 828 C1 java.awt.EventDispatchThread.pumpOneEventForFilters(I)V (295 bytes) @ 0x00000000028f1cd4 [0x00000000028f0000+0x1cd4]
j  java.awt.EventDispatchThread.pumpEventsForFilter(ILjava/awt/Conditional;Ljava/awt/EventFilter;)V+35
j  java.awt.EventDispatchThread.pumpEventsForHierarchy(ILjava/awt/Conditional;Ljava/awt/Component;)V+11
j  java.awt.EventDispatchThread.pumpEvents(ILjava/awt/Conditional;)V+4
j  java.awt.EventDispatchThread.pumpEvents(Ljava/awt/Conditional;)V+3
j  java.awt.EventDispatchThread.run()V+9
v  ~StubRoutines::call_stub

---------------  P R O C E S S  ---------------

Java Threads: ( => current thread )
  0x000000001ab5b800 JavaThread "TimerQueue" daemon [_thread_blocked, id=5868, stack(0x000000001c710000,0x000000001c810000)]
  0x00000000024fe000 JavaThread "DestroyJavaVM" [_thread_blocked, id=8396, stack(0x0000000002310000,0x0000000002410000)]
=>0x000000001a816800 JavaThread "AWT-EventQueue-0" [_thread_in_vm, id=8728, stack(0x000000001b7d0000,0x000000001b8d0000)]
  0x000000001a771800 JavaThread "AWT-Windows" daemon [_thread_in_native, id=2568, stack(0x000000001b100000,0x000000001b200000)]
  0x000000001a76e800 JavaThread "AWT-Shutdown" [_thread_blocked, id=1724, stack(0x000000001b000000,0x000000001b100000)]
  0x000000001a7bf800 JavaThread "Java2D Disposer" daemon [_thread_blocked, id=428, stack(0x000000001af00000,0x000000001b000000)]
  0x0000000019fe1800 JavaThread "Service Thread" daemon [_thread_blocked, id=4756, stack(0x000000001a3b0000,0x000000001a4b0000)]
  0x0000000018657000 JavaThread "C1 CompilerThread2" daemon [_thread_blocked, id=7580, stack(0x0000000019eb0000,0x0000000019fb0000)]
  0x0000000018652000 JavaThread "C2 CompilerThread1" daemon [_thread_blocked, id=8672, stack(0x0000000019db0000,0x0000000019eb0000)]
  0x000000001864f800 JavaThread "C2 CompilerThread0" daemon [_thread_in_native, id=10092, stack(0x0000000019cb0000,0x0000000019db0000)]
  0x000000001864e800 JavaThread "Attach Listener" daemon [_thread_blocked, id=8236, stack(0x0000000019bb0000,0x0000000019cb0000)]
  0x000000001864d800 JavaThread "Signal Dispatcher" daemon [_thread_blocked, id=4344, stack(0x0000000019ab0000,0x0000000019bb0000)]
  0x000000001863a800 JavaThread "Finalizer" daemon [_thread_blocked, id=7724, stack(0x00000000198a0000,0x00000000199a0000)]
  0x00000000025f2800 JavaThread "Reference Handler" daemon [_thread_blocked, id=9896, stack(0x00000000197a0000,0x00000000198a0000)]

Other Threads:
  0x0000000018618000 VMThread [stack: 0x00000000196a0000,0x00000000197a0000] [id=9416]
  0x0000000019ff5000 WatcherThread [stack: 0x000000001a4b0000,0x000000001a5b0000] [id=1424]

VM state:not at safepoint (normal execution)

VM Mutex/Monitor currently owned by a thread: None

Heap:
 PSYoungGen      total 49152K, used 12897K [0x0000000789d80000, 0x000000078d400000, 0x00000007c0000000)
  eden space 42496K, 14% used [0x0000000789d80000,0x000000078a39a650,0x000000078c700000)
  from space 6656K, 99% used [0x000000078c700000,0x000000078cd7e140,0x000000078cd80000)
  to   space 6656K, 0% used [0x000000078cd80000,0x000000078cd80000,0x000000078d400000)
 ParOldGen       total 112128K, used 21975K [0x000000071d800000, 0x0000000724580000, 0x0000000789d80000)
  object space 112128K, 19% used [0x000000071d800000,0x000000071ed75f38,0x0000000724580000)
 Metaspace       used 16801K, capacity 17088K, committed 17280K, reserved 1064960K
  class space    used 2046K, capacity 2140K, committed 2176K, reserved 1048576K

Card table byte_map: [0x00000000119c0000,0x0000000011ee0000] byte_map_base: 0x000000000e0d4000

Marking Bits: (ParMarkBitMap*) 0x0000000064fed850
 Begin Bits: [0x0000000012650000, 0x0000000014ef0000)
 End Bits:   [0x0000000014ef0000, 0x0000000017790000)

Polling page: 0x0000000002410000

CodeCache: size=245760Kb used=4813Kb max_used=4813Kb free=240946Kb
 bounds [0x0000000002600000, 0x0000000002ac0000, 0x0000000011600000]
 total_blobs=2037 nmethods=1489 adapters=461
 compilation: enabled

Compilation events (10 events):
Event: 6.261 Thread 0x0000000018657000 1485       1       sun.misc.URLClassPath$Loader::getBaseURL (5 bytes)
Event: 6.261 Thread 0x0000000018657000 nmethod 1485 0x0000000002aad290 code [0x0000000002aad3e0, 0x0000000002aad4f0]
Event: 6.263 Thread 0x0000000018657000 1486       3       sun.security.provider.DigestBase::engineDigest (112 bytes)
Event: 6.264 Thread 0x0000000018657000 nmethod 1486 0x0000000002ab3c50 code [0x0000000002ab3ec0, 0x0000000002ab4f58]
Event: 6.268 Thread 0x0000000018657000 1487       3       com.sun.crypto.provider.AESCrypt::mul4 (181 bytes)
Event: 6.269 Thread 0x0000000018657000 nmethod 1487 0x0000000002ab5610 code [0x0000000002ab5820, 0x0000000002ab6290]
Event: 6.275 Thread 0x0000000018657000 1489       1       java.util.logging.Level::intValue (5 bytes)
Event: 6.276 Thread 0x0000000018657000 nmethod 1489 0x0000000002ab2650 code [0x0000000002ab27a0, 0x0000000002ab28b0]
Event: 6.284 Thread 0x0000000018657000 1490       3       java.lang.String::toLowerCase (8 bytes)
Event: 6.284 Thread 0x0000000018657000 nmethod 1490 0x0000000002ab6b10 code [0x0000000002ab6c80, 0x0000000002ab6f08]

GC Heap History (2 events):
Event: 6.193 GC heap before
{Heap before GC invocations=1 (full 0):
 PSYoungGen      total 49152K, used 42496K [0x0000000789d80000, 0x000000078d400000, 0x00000007c0000000)
  eden space 42496K, 100% used [0x0000000789d80000,0x000000078c700000,0x000000078c700000)
  from space 6656K, 0% used [0x000000078cd80000,0x000000078cd80000,0x000000078d400000)
  to   space 6656K, 0% used [0x000000078c700000,0x000000078c700000,0x000000078cd80000)
 ParOldGen       total 112128K, used 0K [0x000000071d800000, 0x0000000724580000, 0x0000000789d80000)
  object space 112128K, 0% used [0x000000071d800000,0x000000071d800000,0x0000000724580000)
 Metaspace       used 16198K, capacity 16512K, committed 16768K, reserved 1064960K
  class space    used 1988K, capacity 2076K, committed 2176K, reserved 1048576K
Event: 6.203 GC heap after
Heap after GC invocations=1 (full 0):
 PSYoungGen      total 49152K, used 6648K [0x0000000789d80000, 0x000000078d400000, 0x00000007c0000000)
  eden space 42496K, 0% used [0x0000000789d80000,0x0000000789d80000,0x000000078c700000)
  from space 6656K, 99% used [0x000000078c700000,0x000000078cd7e140,0x000000078cd80000)
  to   space 6656K, 0% used [0x000000078cd80000,0x000000078cd80000,0x000000078d400000)
 ParOldGen       total 112128K, used 21975K [0x000000071d800000, 0x0000000724580000, 0x0000000789d80000)
  object space 112128K, 19% used [0x000000071d800000,0x000000071ed75f38,0x0000000724580000)
 Metaspace       used 16198K, capacity 16512K, committed 16768K, reserved 1064960K
  class space    used 1988K, capacity 2076K, committed 2176K, reserved 1048576K
}

Deoptimization events (10 events):
Event: 0.259 Thread 0x000000001a816800 Uncommon trap: reason=bimorphic action=maybe_recompile pc=0x00000000027d1d98 method=java.util.HashMap.putVal(ILjava/lang/Object;Ljava/lang/Object;ZZ)Ljava/lang/Object; @ 56
Event: 0.394 Thread 0x000000001a855000 Uncommon trap: reason=unstable_if action=reinterpret pc=0x000000000282803c method=java.awt.image.ReplicateScaleFilter.setPixels(IIIILjava/awt/image/ColorModel;[III)V @ 4
Event: 0.439 Thread 0x000000001a816800 Uncommon trap: reason=unstable_if action=reinterpret pc=0x000000000286abf4 method=java.awt.MultipleGradientPaintContext.indexIntoGradientsArrays(F)I @ 13
Event: 3.243 Thread 0x000000001a816800 Uncommon trap: reason=class_check action=maybe_recompile pc=0x0000000002774918 method=java.lang.String.equals(Ljava/lang/Object;)Z @ 8
Event: 3.243 Thread 0x000000001a816800 Uncommon trap: reason=class_check action=maybe_recompile pc=0x0000000002774918 method=java.lang.String.equals(Ljava/lang/Object;)Z @ 8
Event: 3.393 Thread 0x000000001a816800 Uncommon trap: reason=class_check action=maybe_recompile pc=0x0000000002774918 method=java.lang.String.equals(Ljava/lang/Object;)Z @ 8
Event: 3.393 Thread 0x000000001a816800 Uncommon trap: reason=class_check action=maybe_recompile pc=0x0000000002774918 method=java.lang.String.equals(Ljava/lang/Object;)Z @ 8
Event: 5.826 Thread 0x000000001a816800 Uncommon trap: reason=unstable_if action=reinterpret pc=0x0000000002805ae8 method=java.util.HashMap.putVal(ILjava/lang/Object;Ljava/lang/Object;ZZ)Ljava/lang/Object; @ 236
Event: 6.030 Thread 0x000000001a816800 Uncommon trap: reason=class_check action=maybe_recompile pc=0x00000000029a25ac method=java.util.regex.Pattern$BmpCharProperty.match(Ljava/util/regex/Matcher;ILjava/lang/CharSequence;)Z @ 31
Event: 6.030 Thread 0x000000001a816800 Uncommon trap: reason=unstable_if action=reinterpret pc=0x00000000029a2548 method=java.util.regex.Pattern$BmpCharProperty.match(Ljava/util/regex/Matcher;ILjava/lang/CharSequence;)Z @ 5

Internal exceptions (10 events):
Event: 0.188 Thread 0x00000000024fe000 Exception <a 'java/lang/ClassNotFoundException': ToggleButton> (0x000000078a2827d8) thrown at [C:\re\workspace\8-2-build-windows-amd64-cygwin\jdk8u144\9417\hotspot\src\share\vm\classfile\systemDictionary.cpp, line 210]
Event: 0.188 Thread 0x00000000024fe000 Exception <a 'java/lang/ClassNotFoundException': javax/swing/JToolBarSeparator> (0x000000078a282c38) thrown at [C:\re\workspace\8-2-build-windows-amd64-cygwin\jdk8u144\9417\hotspot\src\share\vm\classfile\systemDictionary.cpp, line 210]
Event: 0.188 Thread 0x00000000024fe000 Exception <a 'java/lang/ClassNotFoundException': ToolBarSeparator> (0x000000078a2830d0) thrown at [C:\re\workspace\8-2-build-windows-amd64-cygwin\jdk8u144\9417\hotspot\src\share\vm\classfile\systemDictionary.cpp, line 210]
Event: 0.189 Thread 0x00000000024fe000 Exception <a 'java/lang/ClassNotFoundException': ToolTip> (0x000000078a283810) thrown at [C:\re\workspace\8-2-build-windows-amd64-cygwin\jdk8u144\9417\hotspot\src\share\vm\classfile\systemDictionary.cpp, line 210]
Event: 0.189 Thread 0x00000000024fe000 Exception <a 'java/lang/ClassNotFoundException': Tree> (0x000000078a284430) thrown at [C:\re\workspace\8-2-build-windows-amd64-cygwin\jdk8u144\9417\hotspot\src\share\vm\classfile\systemDictionary.cpp, line 210]
Event: 0.189 Thread 0x00000000024fe000 Exception <a 'java/lang/ClassNotFoundException': Tree> (0x000000078a284b70) thrown at [C:\re\workspace\8-2-build-windows-amd64-cygwin\jdk8u144\9417\hotspot\src\share\vm\classfile\systemDictionary.cpp, line 210]
Event: 0.189 Thread 0x00000000024fe000 Exception <a 'java/lang/ClassNotFoundException': javax/swing/JTreeCell> (0x000000078a284ef0) thrown at [C:\re\workspace\8-2-build-windows-amd64-cygwin\jdk8u144\9417\hotspot\src\share\vm\classfile\systemDictionary.cpp, line 210]
Event: 0.189 Thread 0x00000000024fe000 Exception <a 'java/lang/ClassNotFoundException': TreeCell> (0x000000078a285378) thrown at [C:\re\workspace\8-2-build-windows-amd64-cygwin\jdk8u144\9417\hotspot\src\share\vm\classfile\systemDictionary.cpp, line 210]
Event: 0.190 Thread 0x00000000024fe000 Exception <a 'java/lang/ClassNotFoundException': RootPane> (0x000000078a285dd8) thrown at [C:\re\workspace\8-2-build-windows-amd64-cygwin\jdk8u144\9417\hotspot\src\share\vm\classfile\systemDictionary.cpp, line 210]
Event: 0.394 Thread 0x000000001a855000 Implicit null exception at 0x00000000028278cc to 0x000000000282802a

Events (10 events):
Event: 6.272 loading class com/sun/crypto/provider/HmacCore
Event: 6.272 loading class com/sun/crypto/provider/HmacCore done
Event: 6.272 loading class javax/crypto/MacSpi
Event: 6.272 loading class javax/crypto/MacSpi done
Event: 6.275 loading class sun/security/ssl/CipherBox$1
Event: 6.275 loading class sun/security/ssl/CipherBox$1 done
Event: 6.276 loading class com/microsoft/sqlserver/jdbc/AuthenticationJNI
Event: 6.276 loading class com/microsoft/sqlserver/jdbc/AuthenticationJNI done
Event: 6.277 loading class java/lang/ClassLoaderHelper
Event: 6.277 loading class java/lang/ClassLoaderHelper done


Dynamic libraries:
0x00007ff7110c0000 - 0x00007ff7110f7000 	C:\Program Files\Java\jdk1.8.0_144\bin\java.exe
0x00007ffc21e40000 - 0x00007ffc22012000 	C:\Windows\SYSTEM32\ntdll.dll
0x00007ffc1f580000 - 0x00007ffc1f62c000 	C:\Windows\System32\KERNEL32.DLL
0x00007ffc1ea90000 - 0x00007ffc1ecad000 	C:\Windows\System32\KERNELBASE.dll
0x00007ffc204c0000 - 0x00007ffc20562000 	C:\Windows\System32\ADVAPI32.dll
0x00007ffc1f8f0000 - 0x00007ffc1f98e000 	C:\Windows\System32\msvcrt.dll
0x00007ffc1f990000 - 0x00007ffc1f9e9000 	C:\Windows\System32\sechost.dll
0x00007ffc206e0000 - 0x00007ffc20801000 	C:\Windows\System32\RPCRT4.dll
0x00007ffc20570000 - 0x00007ffc206d5000 	C:\Windows\System32\USER32.dll
0x00007ffc1edc0000 - 0x00007ffc1edde000 	C:\Windows\System32\win32u.dll
0x00007ffc1f8b0000 - 0x00007ffc1f8e4000 	C:\Windows\System32\GDI32.dll
0x00007ffc1ee90000 - 0x00007ffc1f010000 	C:\Windows\System32\gdi32full.dll
0x00007ffc11560000 - 0x00007ffc117da000 	C:\Windows\WinSxS\amd64_microsoft.windows.common-controls_6595b64144ccf1df_6.0.14393.953_none_42151e83c686086b\COMCTL32.dll
0x00007ffc1f9f0000 - 0x00007ffc1fcb8000 	C:\Windows\System32\combase.dll
0x00007ffc1f010000 - 0x00007ffc1f105000 	C:\Windows\System32\ucrtbase.dll
0x00007ffc1e340000 - 0x00007ffc1e3aa000 	C:\Windows\System32\bcryptPrimitives.dll
0x00007ffc20810000 - 0x00007ffc2083e000 	C:\Windows\System32\IMM32.DLL
0x00000000646f0000 - 0x00000000647c2000 	C:\Program Files\Java\jdk1.8.0_144\jre\bin\msvcr100.dll
0x00000000647d0000 - 0x000000006506d000 	C:\Program Files\Java\jdk1.8.0_144\jre\bin\server\jvm.dll
0x00007ffc1f700000 - 0x00007ffc1f708000 	C:\Windows\System32\PSAPI.DLL
0x00007ffc1bf70000 - 0x00007ffc1bf93000 	C:\Windows\SYSTEM32\WINMM.dll
0x00007ffc1b7e0000 - 0x00007ffc1b7e9000 	C:\Windows\SYSTEM32\WSOCK32.dll
0x00007ffc19d50000 - 0x00007ffc19d5a000 	C:\Windows\SYSTEM32\VERSION.dll
0x0000000000d10000 - 0x0000000000d3b000 	C:\Windows\SYSTEM32\WINMMBASE.dll
0x00007ffc21dd0000 - 0x00007ffc21e3a000 	C:\Windows\System32\WS2_32.dll
0x00007ffc1f380000 - 0x00007ffc1f3c2000 	C:\Windows\System32\cfgmgr32.dll
0x0000000065320000 - 0x000000006532f000 	C:\Program Files\Java\jdk1.8.0_144\jre\bin\verify.dll
0x00000000652f0000 - 0x0000000065319000 	C:\Program Files\Java\jdk1.8.0_144\jre\bin\java.dll
0x00000000646d0000 - 0x00000000646e6000 	C:\Program Files\Java\jdk1.8.0_144\jre\bin\zip.dll
0x00007ffc20840000 - 0x00007ffc21d48000 	C:\Windows\System32\SHELL32.dll
0x00007ffc1e3b0000 - 0x00007ffc1ea88000 	C:\Windows\System32\windows.storage.dll
0x00007ffc1e2f0000 - 0x00007ffc1e33c000 	C:\Windows\System32\powrprof.dll
0x00007ffc1fcc0000 - 0x00007ffc1fd12000 	C:\Windows\System32\shlwapi.dll
0x00007ffc1e2d0000 - 0x00007ffc1e2df000 	C:\Windows\System32\kernel.appcore.dll
0x00007ffc1ede0000 - 0x00007ffc1ee89000 	C:\Windows\System32\shcore.dll
0x00007ffc1e2b0000 - 0x00007ffc1e2c4000 	C:\Windows\System32\profapi.dll
0x00000000644f0000 - 0x0000000064688000 	C:\Program Files\Java\jdk1.8.0_144\jre\bin\awt.dll
0x00007ffc1f640000 - 0x00007ffc1f6ff000 	C:\Windows\System32\OLEAUT32.dll
0x00007ffc1f110000 - 0x00007ffc1f1ac000 	C:\Windows\System32\msvcp_win.dll
0x00007ffc1c2c0000 - 0x00007ffc1c33a000 	C:\Windows\SYSTEM32\apphelp.dll
0x00007ffc1cad0000 - 0x00007ffc1cb65000 	C:\Windows\system32\uxtheme.dll
0x00007ffc20150000 - 0x00007ffc202aa000 	C:\Windows\System32\MSCTF.dll
0x00007ffbf9bb0000 - 0x00007ffbf9bd0000 	C:\Program Files\ESET\ESET NOD32 Antivirus\eplgHooks.dll
0x00007ffc1b780000 - 0x00007ffc1b7a6000 	C:\Windows\system32\dwmapi.dll
0x00007ffc1f430000 - 0x00007ffc1f568000 	C:\Windows\System32\ole32.dll
0x00000000644a0000 - 0x00000000644e7000 	C:\Program Files\Java\jdk1.8.0_144\jre\bin\fontmanager.dll
0x00007ffbf6640000 - 0x00007ffbf6763000 	C:\Windows\system32\opengl32.dll
0x00007ffc12c00000 - 0x00007ffc12c2d000 	C:\Windows\SYSTEM32\GLU32.dll
0x00007ffbf6540000 - 0x00007ffbf6637000 	C:\Windows\SYSTEM32\DDRAW.dll
0x00007ffc13220000 - 0x00007ffc13228000 	C:\Windows\SYSTEM32\DCIMAN32.dll
0x00007ffc20320000 - 0x00007ffc203bf000 	C:\Windows\System32\clbcatq.dll
0x00007ffc1a9b0000 - 0x00007ffc1ab58000 	C:\Windows\SYSTEM32\WindowsCodecs.dll
0x00007ffbfaca0000 - 0x00007ffbface9000 	C:\Windows\system32\dataexchange.dll
0x00007ffc1b100000 - 0x00007ffc1b3b6000 	C:\Windows\system32\d3d11.dll
0x00007ffc1bc10000 - 0x00007ffc1bd61000 	C:\Windows\system32\dcomp.dll
0x00007ffc1d350000 - 0x00007ffc1d3ef000 	C:\Windows\system32\dxgi.dll
0x00007ffc1cd10000 - 0x00007ffc1ce2c000 	C:\Windows\system32\twinapi.appcore.dll
0x00007ffc1e1f0000 - 0x00007ffc1e21b000 	C:\Windows\system32\bcrypt.dll
0x00000000646b0000 - 0x00000000646ca000 	C:\Program Files\Java\jdk1.8.0_144\jre\bin\net.dll
0x00007ffc1db80000 - 0x00007ffc1dbdc000 	C:\Windows\system32\mswsock.dll
0x0000000064690000 - 0x00000000646a1000 	C:\Program Files\Java\jdk1.8.0_144\jre\bin\nio.dll
0x0000000064450000 - 0x0000000064492000 	C:\Program Files\Java\jdk1.8.0_144\jre\bin\t2k.dll
0x0000000064410000 - 0x0000000064441000 	C:\Program Files\Java\jdk1.8.0_144\jre\bin\jpeg.dll
0x0000000064370000 - 0x000000006439a000 	C:\Program Files\Java\jdk1.8.0_144\jre\bin\dcpr.dll
0x00007ffc1d940000 - 0x00007ffc1d9e1000 	C:\Windows\SYSTEM32\DNSAPI.dll
0x00007ffc1f630000 - 0x00007ffc1f638000 	C:\Windows\System32\NSI.dll
0x00007ffc1d900000 - 0x00007ffc1d938000 	C:\Windows\SYSTEM32\IPHLPAPI.DLL
0x00007ffc0d0a0000 - 0x00007ffc0d0aa000 	C:\Windows\System32\rasadhlp.dll
0x00007ffc11400000 - 0x00007ffc1146a000 	C:\Windows\System32\fwpuclnt.dll
0x0000000064340000 - 0x0000000064364000 	C:\Program Files\Java\jdk1.8.0_144\jre\bin\sunec.dll
0x00007ffc12260000 - 0x00007ffc12276000 	C:\Windows\SYSTEM32\dhcpcsvc6.DLL
0x00007ffc121a0000 - 0x00007ffc121ba000 	C:\Windows\SYSTEM32\dhcpcsvc.DLL
0x00007ffc1dd30000 - 0x00007ffc1dd47000 	C:\Windows\SYSTEM32\CRYPTSP.dll
0x00007ffc1d780000 - 0x00007ffc1d7b3000 	C:\Windows\system32\rsaenh.dll
0x00007ffc1da00000 - 0x00007ffc1da1f000 	C:\Windows\SYSTEM32\USERENV.dll
0x00007ffc1dd20000 - 0x00007ffc1dd2b000 	C:\Windows\SYSTEM32\CRYPTBASE.dll
0x0000000064330000 - 0x000000006433b000 	C:\Program Files\Java\jdk1.8.0_144\jre\bin\sunmscapi.dll
0x00007ffc1f1b0000 - 0x00007ffc1f379000 	C:\Windows\System32\CRYPT32.dll
0x00007ffc1e2e0000 - 0x00007ffc1e2f0000 	C:\Windows\System32\MSASN1.dll
0x00007ffc08360000 - 0x00007ffc083ae000 	C:\Windows\sqljdbc_auth.dll
0x00007ffc1c340000 - 0x00007ffc1c34c000 	C:\Windows\system32\secur32.dll
0x00007ffc1df20000 - 0x00007ffc1df4c000 	C:\Windows\SYSTEM32\SSPICLI.DLL
0x00007ffc1dc30000 - 0x00007ffc1dd20000 	C:\Windows\system32\kerberos.DLL
0x00007ffc1db10000 - 0x00007ffc1db77000 	C:\Windows\system32\msv1_0.DLL
0x00007ffc1db00000 - 0x00007ffc1db0c000 	C:\Windows\SYSTEM32\NtlmShared.dll
0x00007ffc1dbe0000 - 0x00007ffc1dbf5000 	C:\Windows\SYSTEM32\cryptdll.dll
0x00007ffc09040000 - 0x00007ffc09069000 	C:\Windows\system32\ntdsapi.dll
0x00007ffc08f60000 - 0x00007ffc08f76000 	C:\Windows\system32\napinsp.dll
0x00007ffc08f80000 - 0x00007ffc08f9a000 	C:\Windows\system32\pnrpnsp.dll
0x00007ffc14ff0000 - 0x00007ffc15008000 	C:\Windows\system32\NLAapi.dll
0x00007ffc09010000 - 0x00007ffc0901e000 	C:\Windows\System32\winrnr.dll
0x00007ffc09020000 - 0x00007ffc09035000 	C:\Windows\System32\wshbth.dll
0x00007ffc1ae10000 - 0x00007ffc1afa2000 	C:\Windows\SYSTEM32\dbghelp.dll

VM Arguments:
jvm_args: -Dfile.encoding=UTF-8 
java_command: LOGIN.logeo
java_class_path (initial): C:\Program Files\NetBeans 8.2\java\modules\ext\AbsoluteLayout.jar;C:\Users\hp\Desktop\Protecto ventas 14002\aplicacion\JavaApplication1\lib\sqljdbc4.jar;C:\Users\hp\Desktop\Protecto ventas 14002\aplicacion\JavaApplication1\lib\jasperreports-6.4.0.jar;C:\Users\hp\Desktop\Protecto ventas 14002\aplicacion\JavaApplication1\lib\com.lowagie.text-2.1.7.jar;C:\Users\hp\Desktop\Protecto ventas 14002\aplicacion\JavaApplication1\lib\commons-beanutils-1.8.0.jar;C:\Users\hp\Desktop\Protecto ventas 14002\aplicacion\JavaApplication1\lib\commons-collections-3.2.1.jar;C:\Users\hp\Desktop\Protecto ventas 14002\aplicacion\JavaApplication1\lib\commons-digester-1.7.jar;C:\Users\hp\Desktop\Protecto ventas 14002\aplicacion\JavaApplication1\lib\commons-javaflow-20060411.jar;C:\Users\hp\Desktop\Protecto ventas 14002\aplicacion\JavaApplication1\lib\commons-logging-1.1.jar;C:\Users\hp\Desktop\Protecto ventas 14002\aplicacion\JavaApplication1\lib\groovy-all-1.5.5.jar;C:\Users\hp\Desktop\Protecto ventas 14002\aplicacion\JavaApplication1\lib\iText-2.1.0.jar;C:\Users\hp\Desktop\Protecto ventas 14002\aplicacion\JavaApplication1\lib\jcalendar-1.4.jar;C:\Users\hp\Desktop\Protecto ventas 14002\aplicacion\JavaApplication1\lib\filechooser-1.3.1.jar;C:\Users\hp\Downloads\sqljdbc_6.0.8112.100_enu\sqljdbc_6.0\enu\jre8\sqljdbc42.jar;C:\Users\hp\Desktop\Protecto ventas 14002\aplicacion\JavaApplication1\build\classes
Launcher Type: SUN_STANDARD

Environment Variables:
PATH=C:\ProgramData\Oracle\Java\javapath;C:\Windows\system32;C:\Windows;C:\Windows\System32\Wbem;C:\Windows\System32\WindowsPowerShell\v1.0\;C:\Program Files (x86)\NVIDIA Corporation\PhysX\Common;C:\Program Files\PuTTY\;C:\Program Files\dotnet\;C:\Program Files\Git\cmd;C:\Program Files\Microsoft SQL Server\130\Tools\Binn\;C:\Program Files\nodejs\;C:\Program Files (x86)\Microsoft SQL Server\Client SDK\ODBC\130\Tools\Binn\;C:\Program Files (x86)\Microsoft SQL Server\140\Tools\Binn\;C:\Program Files (x86)\Microsoft SQL Server\140\DTS\Binn\;C:\Program Files (x86)\Microsoft SQL Server\140\Tools\Binn\ManagementStudio\;C:\Program Files\Microsoft SQL Server\Client SDK\ODBC\130\Tools\Binn\;C:\Program Files\Microsoft SQL Server\140\Tools\Binn\;C:\Program Files\Microsoft SQL Server\140\DTS\Binn\;c:\Program Files (x86)\Microsoft SQL Server\110\Tools\Binn\;c:\Program Files\Microsoft SQL Server\110\Tools\Binn\;c:\Program Files\Microsoft SQL Server\110\DTS\Binn\;c:\Program Files (x86)\Microsoft SQL Server\110\Tools\Binn\ManagementStudio\;c:\Program Files (x86)\Microsoft SQL Server\110\DTS\Binn\;C:\Ruby24-x64\bin;C:\Users\hp\AppData\Local\Microsoft\WindowsApps;C:\Users\hp\AppData\Roaming\npm
USERNAME=hp
OS=Windows_NT
PROCESSOR_IDENTIFIER=Intel64 Family 6 Model 142 Stepping 9, GenuineIntel



---------------  S Y S T E M  ---------------

OS: Windows 10.0 , 64 bit Build 14393 (10.0.14393.1198)

CPU:total 4 (initial active 4) (2 cores per cpu, 2 threads per core) family 6 model 142 stepping 9, cmov, cx8, fxsr, mmx, sse, sse2, sse3, ssse3, sse4.1, sse4.2, popcnt, avx, avx2, aes, clmul, erms, 3dnowpref, lzcnt, ht, tsc, tscinvbit, bmi1, bmi2, adx

Memory: 4k page, physical 10646672k(3882728k free), swap 10646672k(2121540k free)

vm_info: Java HotSpot(TM) 64-Bit Server VM (25.144-b01) for windows-amd64 JRE (1.8.0_144-b01), built on Jul 21 2017 21:57:33 by "java_re" with MS VC++ 10.0 (VS2010)

time: Thu Jan 18 23:08:31 2018
elapsed time: 6 seconds (0d 0h 0m 6s)

